Autotesting Result = 92.0/285, the final cap hasn't been defined yet but will be around 80-90
Test 1-1
SUCCESS
DONE
Test 1-2
SUCCESS
DONE
Test 1-3
SUCCESS
DONE
Test 2-1
SUCCESS
DONE
Test 2-2

ZombieTest > 2-2 Testing zombies cannot move through doors and walls FAILED
    java.lang.StackOverflowError
        at dungeonmania.Zombie.checkObstacles(Zombie.java:68)
        at dungeonmania.Zombie.move(Zombie.java:52)
        at dungeonmania.Zombie.checkObstacles(Zombie.java:78)
        at dungeonmania.Zombie.move(Zombie.java:52)
        at dungeonmania.Zombie.checkObstacles(Zombie.java:78)
        at dungeonmania.Zombie.move(Zombie.java:52)
        at dungeonmania.Zombie.checkObstacles(Zombie.java:78)
        at dungeonmania.Zombie.move(Zombie.java:52)
        at dungeonmania.Zombie.checkObstacles(Zombie.java:78)
        at dungeonmania.Zombie.move(Zombie.java:52)
        at dungeonmania.Zombie.checkObstacles(Zombie.java:78)
        at dungeonmania.Zombie.move(Zombie.java:52)
        at dungeonmania.Zombie.checkObstacles(Zombie.java:78)
        at dungeonmania.Zombie.move(Zombie.java:52)
        at dungeonmania.Zombie.checkObstacles(Zombie.java:78)
        at dungeonmania.Zombie.move(Zombie.java:52)
        at dungeonmania.Zombie.checkObstacles(Zombie.java:78)
        at dungeonmania.Zombie.move(Zombie.java:52)
        at dungeonmania.Zombie.checkObstacles(Zombie.java:78)
        at dungeonmania.Zombie.move(Zombie.java:52)
        at dungeonmania.Zombie.checkObstacles(Zombie.java:78)
        at dungeonmania.Zombie.move(Zombie.java:52)
        at dungeonmania.Zombie.checkObstacles(Zombie.java:78)
        at dungeonmania.Zombie.move(Zombie.java:52)
        at dungeonmania.Zombie.checkObstacles(Zombie.java:78)
        at dungeonmania.Zombie.move(Zombie.java:52)
        at dungeonmania.Zombie.checkObstacles(Zombie.java:78)
        at dungeonmania.Zombie.move(Zombie.java:52)
        at dungeonmania.Zombie.checkObstacles(Zombie.java:78)
        at dungeonmania.Zombie.move(Zombie.java:52)
        at dungeonmania.Zombie.checkObstacles(Zombie.java:78)
        at dungeonmania.Zombie.move(Zombie.java:52)
        at dungeonmania.Zombie.checkObstacles(Zombie.java:78)
        at dungeonmania.Zombie.move(Zombie.java:52)
        at dungeonmania.Zombie.checkObstacles(Zombie.java:78)
        at dungeonmania.Zombie.move(Zombie.java:52)
        at dungeonmania.Zombie.checkObstacles(Zombie.java:78)
        at dungeonmania.Zombie.move(Zombie.java:52)
        at dungeonmania.Zombie.checkObstacles(Zombie.java:78)
        at dungeonmania.Zombie.move(Zombie.java:52)
        at dungeonmania.Zombie.checkObstacles(Zombie.java:78)
        at dungeonmania.Zombie.move(Zombie.java:52)
        at dungeonmania.Zombie.checkObstacles(Zombie.java:78)
        at dungeonmania.Zombie.move(Zombie.java:52)
        at dungeonmania.Zombie.checkObstacles(Zombie.java:78)
        at dungeonmania.Zombie.move(Zombie.java:52)
        at dungeonmania.Zombie.checkObstacles(Zombie.java:78)
        at dungeonmania.Zombie.move(Zombie.java:52)
        at dungeonmania.Zombie.checkObstacles(Zombie.java:78)
        at dungeonmania.Zombie.move(Zombie.java:52)
        at dungeonmania.Zombie.checkObstacles(Zombie.java:78)
        at dungeonmania.Zombie.move(Zombie.java:52)
        at dungeonmania.Zombie.checkObstacles(Zombie.java:78)
        at dungeonmania.Zombie.move(Zombie.java:52)
        at dungeonmania.Zombie.checkObstacles(Zombie.java:78)
        at dungeonmania.Zombie.move(Zombie.java:52)
        at dungeonmania.Zombie.checkObstacles(Zombie.java:78)
        at dungeonmania.Zombie.move(Zombie.java:52)
        at dungeonmania.Zombie.checkObstacles(Zombie.java:78)
        at dungeonmania.Zombie.move(Zombie.java:52)
        at dungeonmania.Zombie.checkObstacles(Zombie.java:78)
        at dungeonmania.Zombie.move(Zombie.java:52)
        at dungeonmania.Zombie.checkObstacles(Zombie.java:78)
        at dungeonmania.Zombie.move(Zombie.java:52)
        at dungeonmania.Zombie.checkObstacles(Zombie.java:78)
        at dungeonmania.Zombie.move(Zombie.java:52)
        at dungeonmania.Zombie.checkObstacles(Zombie.java:78)
        at dungeonmania.Zombie.move(Zombie.java:52)
        at dungeonmania.Zombie.checkObstacles(Zombie.java:78)
        at dungeonmania.Zombie.move(Zombie.java:52)
        at dungeonmania.Zombie.checkObstacles(Zombie.java:78)
        at dungeonmania.Zombie.move(Zombie.java:52)
        at dungeonmania.Zombie.checkObstacles(Zombie.java:78)
        at dungeonmania.Zombie.move(Zombie.java:52)
        at dungeonmania.Zombie.checkObstacles(Zombie.java:78)
        at dungeonmania.Zombie.move(Zombie.java:52)
        at dungeonmania.Zombie.checkObstacles(Zombie.java:78)
        at dungeonmania.Zombie.move(Zombie.java:52)
        at dungeonmania.Zombie.checkObstacles(Zombie.java:78)
        at dungeonmania.Zombie.move(Zombie.java:52)
        at dungeonmania.Zombie.checkObstacles(Zombie.java:78)
        at dungeonmania.Zombie.move(Zombie.java:52)
        at dungeonmania.Zombie.checkObstacles(Zombie.java:78)
        at dungeonmania.Zombie.move(Zombie.java:52)
        at dungeonmania.Zombie.checkObstacles(Zombie.java:78)
        at dungeonmania.Zombie.move(Zombie.java:52)
        at dungeonmania.Zombie.checkObstacles(Zombie.java:78)
        at dungeonmania.Zombie.move(Zombie.java:52)
        at dungeonmania.Zombie.checkObstacles(Zombie.java:78)
        at dungeonmania.Zombie.move(Zombie.java:52)
        at dungeonmania.Zombie.checkObstacles(Zombie.java:78)
        at dungeonmania.Zombie.move(Zombie.java:52)
        at dungeonmania.Zombie.checkObstacles(Zombie.java:78)
        at dungeonmania.Zombie.move(Zombie.java:52)
        at dungeonmania.Zombie.checkObstacles(Zombie.java:78)
        at dungeonmania.Zombie.move(Zombie.java:52)
        at dungeonmania.Zombie.checkObstacles(Zombie.java:78)
        at dungeonmania.Zombie.move(Zombie.java:52)
        at dungeonmania.Zombie.checkObstacles(Zombie.java:78)
        at dungeonmania.Zombie.move(Zombie.java:52)
        at dungeonmania.Zombie.checkObstacles(Zombie.java:78)
        at dungeonmania.Zombie.move(Zombie.java:52)
        at dungeonmania.Zombie.checkObstacles(Zombie.java:78)
        at dungeonmania.Zombie.move(Zombie.java:52)
        at dungeonmania.Zombie.checkObstacles(Zombie.java:78)
        at dungeonmania.Zombie.move(Zombie.java:52)
        at dungeonmania.Zombie.checkObstacles(Zombie.java:78)
        at dungeonmania.Zombie.move(Zombie.java:52)
        at dungeonmania.Zombie.checkObstacles(Zombie.java:78)
        at dungeonmania.Zombie.move(Zombie.java:52)
        at dungeonmania.Zombie.checkObstacles(Zombie.java:78)
        at dungeonmania.Zombie.move(Zombie.java:52)
        at dungeonmania.Zombie.checkObstacles(Zombie.java:78)
        at dungeonmania.Zombie.move(Zombie.java:52)
        at dungeonmania.Zombie.checkObstacles(Zombie.java:78)
        at dungeonmania.Zombie.move(Zombie.java:52)
        at dungeonmania.Zombie.checkObstacles(Zombie.java:78)
        at dungeonmania.Zombie.move(Zombie.java:52)
        at dungeonmania.Zombie.checkObstacles(Zombie.java:78)
        at dungeonmania.Zombie.move(Zombie.java:52)
        at dungeonmania.Zombie.checkObstacles(Zombie.java:78)
        at dungeonmania.Zombie.move(Zombie.java:52)
        at dungeonmania.Zombie.checkObstacles(Zombie.java:78)
        at dungeonmania.Zombie.move(Zombie.java:52)
        at dungeonmania.Zombie.checkObstacles(Zombie.java:78)
        at dungeonmania.Zombie.move(Zombie.java:52)
        at dungeonmania.Zombie.checkObstacles(Zombie.java:78)
        at dungeonmania.Zombie.move(Zombie.java:52)
        at dungeonmania.Zombie.checkObstacles(Zombie.java:78)
        at dungeonmania.Zombie.move(Zombie.java:52)
        at dungeonmania.Zombie.checkObstacles(Zombie.java:78)
        at dungeonmania.Zombie.move(Zombie.java:52)
        at dungeonmania.Zombie.checkObstacles(Zombie.java:78)
        at dungeonmania.Zombie.move(Zombie.java:52)
        at dungeonmania.Zombie.checkObstacles(Zombie.java:78)
        at dungeonmania.Zombie.move(Zombie.java:52)
        at dungeonmania.Zombie.checkObstacles(Zombie.java:78)
        at dungeonmania.Zombie.move(Zombie.java:52)
        at dungeonmania.Zombie.checkObstacles(Zombie.java:78)
        at dungeonmania.Zombie.move(Zombie.java:52)
        at dungeonmania.Zombie.checkObstacles(Zombie.java:78)
        at dungeonmania.Zombie.move(Zombie.java:52)
        at dungeonmania.Zombie.checkObstacles(Zombie.java:78)
        at dungeonmania.Zombie.move(Zombie.java:52)
        at dungeonmania.Zombie.checkObstacles(Zombie.java:78)
        at dungeonmania.Zombie.move(Zombie.java:52)
        at dungeonmania.Zombie.checkObstacles(Zombie.java:78)
        at dungeonmania.Zombie.move(Zombie.java:52)
        at dungeonmania.Zombie.checkObstacles(Zombie.java:78)
        at dungeonmania.Zombie.move(Zombie.java:52)
        at dungeonmania.Zombie.checkObstacles(Zombie.java:78)
        at dungeonmania.Zombie.move(Zombie.java:52)
        at dungeonmania.Zombie.checkObstacles(Zombie.java:78)
        at dungeonmania.Zombie.move(Zombie.java:52)
        at dungeonmania.Zombie.checkObstacles(Zombie.java:78)
        at dungeonmania.Zombie.move(Zombie.java:52)
        at dungeonmania.Zombie.checkObstacles(Zombie.java:78)
        at dungeonmania.Zombie.move(Zombie.java:52)
        at dungeonmania.Zombie.checkObstacles(Zombie.java:78)
        at dungeonmania.Zombie.move(Zombie.java:52)
        at dungeonmania.Zombie.checkObstacles(Zombie.java:78)
        at dungeonmania.Zombie.move(Zombie.java:52)
        at dungeonmania.Zombie.checkObstacles(Zombie.java:78)
        at dungeonmania.Zombie.move(Zombie.java:52)
        at dungeonmania.Zombie.checkObstacles(Zombie.java:78)
        at dungeonmania.Zombie.move(Zombie.java:52)
        at dungeonmania.Zombie.checkObstacles(Zombie.java:78)
        at dungeonmania.Zombie.move(Zombie.java:52)
        at dungeonmania.Zombie.checkObstacles(Zombie.java:78)
        at dungeonmania.Zombie.move(Zombie.java:52)
        at dungeonmania.Zombie.checkObstacles(Zombie.java:78)
        at dungeonmania.Zombie.move(Zombie.java:52)
        at dungeonmania.Zombie.checkObstacles(Zombie.java:78)
        at dungeonmania.Zombie.move(Zombie.java:52)
        at dungeonmania.Zombie.checkObstacles(Zombie.java:78)
        at dungeonmania.Zombie.move(Zombie.java:52)
        at dungeonmania.Zombie.checkObstacles(Zombie.java:78)
        at dungeonmania.Zombie.move(Zombie.java:52)
        at dungeonmania.Zombie.checkObstacles(Zombie.java:78)
        at dungeonmania.Zombie.move(Zombie.java:52)
        at dungeonmania.Zombie.checkObstacles(Zombie.java:78)
        at dungeonmania.Zombie.move(Zombie.java:52)
        at dungeonmania.Zombie.checkObstacles(Zombie.java:78)
        at dungeonmania.Zombie.move(Zombie.java:52)
        at dungeonmania.Zombie.checkObstacles(Zombie.java:78)
        at dungeonmania.Zombie.move(Zombie.java:52)
        at dungeonmania.Zombie.checkObstacles(Zombie.java:78)
        at dungeonmania.Zombie.move(Zombie.java:52)
        at dungeonmania.Zombie.checkObstacles(Zombie.java:78)
        at dungeonmania.Zombie.move(Zombie.java:52)
        at dungeonmania.Zombie.checkObstacles(Zombie.java:78)
        at dungeonmania.Zombie.move(Zombie.java:52)
        at dungeonmania.Zombie.checkObstacles(Zombie.java:78)
        at dungeonmania.Zombie.move(Zombie.java:52)
        at dungeonmania.Zombie.checkObstacles(Zombie.java:78)
        at dungeonmania.Zombie.move(Zombie.java:52)
        at dungeonmania.Zombie.checkObstacles(Zombie.java:78)
        at dungeonmania.Zombie.move(Zombie.java:52)
        at dungeonmania.Zombie.checkObstacles(Zombie.java:78)
        at dungeonmania.Zombie.move(Zombie.java:52)
        at dungeonmania.Zombie.checkObstacles(Zombie.java:78)
        at dungeonmania.Zombie.move(Zombie.java:52)
        at dungeonmania.Zombie.checkObstacles(Zombie.java:78)
        at dungeonmania.Zombie.move(Zombie.java:52)
        at dungeonmania.Zombie.checkObstacles(Zombie.java:78)
        at dungeonmania.Zombie.move(Zombie.java:52)
        at dungeonmania.Zombie.checkObstacles(Zombie.java:78)
        at dungeonmania.Zombie.move(Zombie.java:52)
        at dungeonmania.Zombie.checkObstacles(Zombie.java:78)
        at dungeonmania.Zombie.move(Zombie.java:52)
        at dungeonmania.Zombie.checkObstacles(Zombie.java:78)
        at dungeonmania.Zombie.move(Zombie.java:52)
        at dungeonmania.Zombie.checkObstacles(Zombie.java:78)
        at dungeonmania.Zombie.move(Zombie.java:52)
        at dungeonmania.Zombie.checkObstacles(Zombie.java:78)
        at dungeonmania.Zombie.move(Zombie.java:52)
        at dungeonmania.Zombie.checkObstacles(Zombie.java:78)
        at dungeonmania.Zombie.move(Zombie.java:52)
        at dungeonmania.Zombie.checkObstacles(Zombie.java:78)
        at dungeonmania.Zombie.move(Zombie.java:52)
        at dungeonmania.Zombie.checkObstacles(Zombie.java:78)
        at dungeonmania.Zombie.move(Zombie.java:52)
        at dungeonmania.Zombie.checkObstacles(Zombie.java:78)
        at dungeonmania.Zombie.move(Zombie.java:52)
        at dungeonmania.Zombie.checkObstacles(Zombie.java:78)
        at dungeonmania.Zombie.move(Zombie.java:52)
        at dungeonmania.Zombie.checkObstacles(Zombie.java:78)
        at dungeonmania.Zombie.move(Zombie.java:52)
        at dungeonmania.Zombie.checkObstacles(Zombie.java:78)
        at dungeonmania.Zombie.move(Zombie.java:52)
        at dungeonmania.Zombie.checkObstacles(Zombie.java:78)
        at dungeonmania.Zombie.move(Zombie.java:52)
        at dungeonmania.Zombie.checkObstacles(Zombie.java:78)
        at dungeonmania.Zombie.move(Zombie.java:52)
        at dungeonmania.Zombie.checkObstacles(Zombie.java:78)
        at dungeonmania.Zombie.move(Zombie.java:52)
        at dungeonmania.Zombie.checkObstacles(Zombie.java:78)
        at dungeonmania.Zombie.move(Zombie.java:52)
        at dungeonmania.Zombie.checkObstacles(Zombie.java:78)
        at dungeonmania.Zombie.move(Zombie.java:52)
        at dungeonmania.Zombie.checkObstacles(Zombie.java:78)
        at dungeonmania.Zombie.move(Zombie.java:52)
        at dungeonmania.Zombie.checkObstacles(Zombie.java:78)
        at dungeonmania.Zombie.move(Zombie.java:52)
        at dungeonmania.Zombie.checkObstacles(Zombie.java:78)
        at dungeonmania.Zombie.move(Zombie.java:52)
        at dungeonmania.Zombie.checkObstacles(Zombie.java:78)
        at dungeonmania.Zombie.move(Zombie.java:52)
        at dungeonmania.Zombie.checkObstacles(Zombie.java:78)
        at dungeonmania.Zombie.move(Zombie.java:52)
        at dungeonmania.Zombie.checkObstacles(Zombie.java:78)
        at dungeonmania.Zombie.move(Zombie.java:52)
        at dungeonmania.Zombie.checkObstacles(Zombie.java:78)
        at dungeonmania.Zombie.move(Zombie.java:52)
        at dungeonmania.Zombie.checkObstacles(Zombie.java:78)
        at dungeonmania.Zombie.move(Zombie.java:52)
        at dungeonmania.Zombie.checkObstacles(Zombie.java:78)
        at dungeonmania.Zombie.move(Zombie.java:52)
        at dungeonmania.Zombie.checkObstacles(Zombie.java:78)
        at dungeonmania.Zombie.move(Zombie.java:52)
        at dungeonmania.Zombie.checkObstacles(Zombie.java:78)
        at dungeonmania.Zombie.move(Zombie.java:52)
        at dungeonmania.Zombie.checkObstacles(Zombie.java:78)
        at dungeonmania.Zombie.move(Zombie.java:52)
        at dungeonmania.Zombie.checkObstacles(Zombie.java:78)
        at dungeonmania.Zombie.move(Zombie.java:52)
        at dungeonmania.Zombie.checkObstacles(Zombie.java:78)
        at dungeonmania.Zombie.move(Zombie.java:52)
        at dungeonmania.Zombie.checkObstacles(Zombie.java:78)
        at dungeonmania.Zombie.move(Zombie.java:52)
        at dungeonmania.Zombie.checkObstacles(Zombie.java:78)
        at dungeonmania.Zombie.move(Zombie.java:52)
        at dungeonmania.Zombie.checkObstacles(Zombie.java:78)
        at dungeonmania.Zombie.move(Zombie.java:52)
        at dungeonmania.Zombie.checkObstacles(Zombie.java:78)
        at dungeonmania.Zombie.move(Zombie.java:52)
        at dungeonmania.Zombie.checkObstacles(Zombie.java:78)
        at dungeonmania.Zombie.move(Zombie.java:52)
        at dungeonmania.Zombie.checkObstacles(Zombie.java:78)
        at dungeonmania.Zombie.move(Zombie.java:52)
        at dungeonmania.Zombie.checkObstacles(Zombie.java:78)
        at dungeonmania.Zombie.move(Zombie.java:52)
        at dungeonmania.Zombie.checkObstacles(Zombie.java:78)
        at dungeonmania.Zombie.move(Zombie.java:52)
        at dungeonmania.Zombie.checkObstacles(Zombie.java:78)
        at dungeonmania.Zombie.move(Zombie.java:52)
        at dungeonmania.Zombie.checkObstacles(Zombie.java:78)
        at dungeonmania.Zombie.move(Zombie.java:52)
        at dungeonmania.Zombie.checkObstacles(Zombie.java:78)
        at dungeonmania.Zombie.move(Zombie.java:52)
        at dungeonmania.Zombie.checkObstacles(Zombie.java:78)
        at dungeonmania.Zombie.move(Zombie.java:52)
        at dungeonmania.Zombie.checkObstacles(Zombie.java:78)
        at dungeonmania.Zombie.move(Zombie.java:52)
        at dungeonmania.Zombie.checkObstacles(Zombie.java:78)
        at dungeonmania.Zombie.move(Zombie.java:52)
        at dungeonmania.Zombie.checkObstacles(Zombie.java:78)
        at dungeonmania.Zombie.move(Zombie.java:52)
        at dungeonmania.Zombie.checkObstacles(Zombie.java:78)
        at dungeonmania.Zombie.move(Zombie.java:52)
        at dungeonmania.Zombie.checkObstacles(Zombie.java:78)
        at dungeonmania.Zombie.move(Zombie.java:52)
        at dungeonmania.Zombie.checkObstacles(Zombie.java:78)
        at dungeonmania.Zombie.move(Zombie.java:52)
        at dungeonmania.Zombie.checkObstacles(Zombie.java:78)
        at dungeonmania.Zombie.move(Zombie.java:52)
        at dungeonmania.Zombie.checkObstacles(Zombie.java:78)
        at dungeonmania.Zombie.move(Zombie.java:52)
        at dungeonmania.Zombie.checkObstacles(Zombie.java:78)
        at dungeonmania.Zombie.move(Zombie.java:52)
        at dungeonmania.Zombie.checkObstacles(Zombie.java:78)
        at dungeonmania.Zombie.move(Zombie.java:52)
        at dungeonmania.Zombie.checkObstacles(Zombie.java:78)
        at dungeonmania.Zombie.move(Zombie.java:52)
        at dungeonmania.Zombie.checkObstacles(Zombie.java:78)
        at dungeonmania.Zombie.move(Zombie.java:52)
        at dungeonmania.Zombie.checkObstacles(Zombie.java:78)
        at dungeonmania.Zombie.move(Zombie.java:52)
        at dungeonmania.Zombie.checkObstacles(Zombie.java:78)
        at dungeonmania.Zombie.move(Zombie.java:52)
        at dungeonmania.Zombie.checkObstacles(Zombie.java:78)
        at dungeonmania.Zombie.move(Zombie.java:52)
        at dungeonmania.Zombie.checkObstacles(Zombie.java:78)
        at dungeonmania.Zombie.move(Zombie.java:52)
        at dungeonmania.Zombie.checkObstacles(Zombie.java:78)
        at dungeonmania.Zombie.move(Zombie.java:52)
        at dungeonmania.Zombie.checkObstacles(Zombie.java:78)
        at dungeonmania.Zombie.move(Zombie.java:52)
        at dungeonmania.Zombie.checkObstacles(Zombie.java:78)
        at dungeonmania.Zombie.move(Zombie.java:52)
        at dungeonmania.Zombie.checkObstacles(Zombie.java:78)
        at dungeonmania.Zombie.move(Zombie.java:52)
        at dungeonmania.Zombie.checkObstacles(Zombie.java:78)
        at dungeonmania.Zombie.move(Zombie.java:52)
        at dungeonmania.Zombie.checkObstacles(Zombie.java:78)
        at dungeonmania.Zombie.move(Zombie.java:52)
        at dungeonmania.Zombie.checkObstacles(Zombie.java:78)
        at dungeonmania.Zombie.move(Zombie.java:52)
        at dungeonmania.Zombie.checkObstacles(Zombie.java:78)
        at dungeonmania.Zombie.move(Zombie.java:52)
        at dungeonmania.Zombie.checkObstacles(Zombie.java:78)
        at dungeonmania.Zombie.move(Zombie.java:52)
        at dungeonmania.Zombie.checkObstacles(Zombie.java:78)
        at dungeonmania.Zombie.move(Zombie.java:52)
        at dungeonmania.Zombie.checkObstacles(Zombie.java:78)
        at dungeonmania.Zombie.move(Zombie.java:52)
        at dungeonmania.Zombie.checkObstacles(Zombie.java:78)
        at dungeonmania.Zombie.move(Zombie.java:52)
        at dungeonmania.Zombie.checkObstacles(Zombie.java:78)
        at dungeonmania.Zombie.move(Zombie.java:52)
        at dungeonmania.Zombie.checkObstacles(Zombie.java:78)
        at dungeonmania.Zombie.move(Zombie.java:52)
        at dungeonmania.Zombie.checkObstacles(Zombie.java:78)
        at dungeonmania.Zombie.move(Zombie.java:52)
        at dungeonmania.Zombie.checkObstacles(Zombie.java:78)
        at dungeonmania.Zombie.move(Zombie.java:52)
        at dungeonmania.Zombie.checkObstacles(Zombie.java:78)
        at dungeonmania.Zombie.move(Zombie.java:52)
        at dungeonmania.Zombie.checkObstacles(Zombie.java:78)
        at dungeonmania.Zombie.move(Zombie.java:52)
        at dungeonmania.Zombie.checkObstacles(Zombie.java:78)
        at dungeonmania.Zombie.move(Zombie.java:52)
        at dungeonmania.Zombie.checkObstacles(Zombie.java:78)
        at dungeonmania.Zombie.move(Zombie.java:52)
        at dungeonmania.Zombie.checkObstacles(Zombie.java:78)
        at dungeonmania.Zombie.move(Zombie.java:52)
        at dungeonmania.Zombie.checkObstacles(Zombie.java:78)
        at dungeonmania.Zombie.move(Zombie.java:52)
        at dungeonmania.Zombie.checkObstacles(Zombie.java:78)
        at dungeonmania.Zombie.move(Zombie.java:52)
        at dungeonmania.Zombie.checkObstacles(Zombie.java:78)
        at dungeonmania.Zombie.move(Zombie.java:52)
        at dungeonmania.Zombie.checkObstacles(Zombie.java:78)
        at dungeonmania.Zombie.move(Zombie.java:52)
        at dungeonmania.Zombie.checkObstacles(Zombie.java:78)
        at dungeonmania.Zombie.move(Zombie.java:52)
        at dungeonmania.Zombie.checkObstacles(Zombie.java:78)
        at dungeonmania.Zombie.move(Zombie.java:52)
        at dungeonmania.Zombie.checkObstacles(Zombie.java:78)
        at dungeonmania.Zombie.move(Zombie.java:52)
        at dungeonmania.Zombie.checkObstacles(Zombie.java:78)
        at dungeonmania.Zombie.move(Zombie.java:52)
        at dungeonmania.Zombie.checkObstacles(Zombie.java:78)
        at dungeonmania.Zombie.move(Zombie.java:52)
        at dungeonmania.Zombie.checkObstacles(Zombie.java:78)
        at dungeonmania.Zombie.move(Zombie.java:52)
        at dungeonmania.Zombie.checkObstacles(Zombie.java:78)
        at dungeonmania.Zombie.move(Zombie.java:52)
        at dungeonmania.Zombie.checkObstacles(Zombie.java:78)
        at dungeonmania.Zombie.move(Zombie.java:52)
        at dungeonmania.Zombie.checkObstacles(Zombie.java:78)
        at dungeonmania.Zombie.move(Zombie.java:52)
        at dungeonmania.Zombie.checkObstacles(Zombie.java:78)
        at dungeonmania.Zombie.move(Zombie.java:52)
        at dungeonmania.Zombie.checkObstacles(Zombie.java:78)
        at dungeonmania.Zombie.move(Zombie.java:52)
        at dungeonmania.Zombie.checkObstacles(Zombie.java:78)
        at dungeonmania.Zombie.move(Zombie.java:52)
        at dungeonmania.Zombie.checkObstacles(Zombie.java:78)
        at dungeonmania.Zombie.move(Zombie.java:52)
        at dungeonmania.Zombie.checkObstacles(Zombie.java:78)
        at dungeonmania.Zombie.move(Zombie.java:52)
        at dungeonmania.Zombie.checkObstacles(Zombie.java:78)
        at dungeonmania.Zombie.move(Zombie.java:52)
        at dungeonmania.Zombie.checkObstacles(Zombie.java:78)
        at dungeonmania.Zombie.move(Zombie.java:52)
        at dungeonmania.Zombie.checkObstacles(Zombie.java:78)
        at dungeonmania.Zombie.move(Zombie.java:52)
        at dungeonmania.Zombie.checkObstacles(Zombie.java:78)
        at dungeonmania.Zombie.move(Zombie.java:52)
        at dungeonmania.Zombie.checkObstacles(Zombie.java:78)
        at dungeonmania.Zombie.move(Zombie.java:52)
        at dungeonmania.Zombie.checkObstacles(Zombie.java:78)
        at dungeonmania.Zombie.move(Zombie.java:52)
        at dungeonmania.Zombie.checkObstacles(Zombie.java:78)
        at dungeonmania.Zombie.move(Zombie.java:52)
        at dungeonmania.Zombie.checkObstacles(Zombie.java:78)
        at dungeonmania.Zombie.move(Zombie.java:52)
        at dungeonmania.Zombie.checkObstacles(Zombie.java:78)
        at dungeonmania.Zombie.move(Zombie.java:52)
        at dungeonmania.Zombie.checkObstacles(Zombie.java:78)
        at dungeonmania.Zombie.move(Zombie.java:52)
        at dungeonmania.Zombie.checkObstacles(Zombie.java:78)
        at dungeonmania.Zombie.move(Zombie.java:52)
        at dungeonmania.Zombie.checkObstacles(Zombie.java:78)
        at dungeonmania.Zombie.move(Zombie.java:52)
        at dungeonmania.Zombie.checkObstacles(Zombie.java:78)
        at dungeonmania.Zombie.move(Zombie.java:52)
        at dungeonmania.Zombie.checkObstacles(Zombie.java:78)
        at dungeonmania.Zombie.move(Zombie.java:52)
        at dungeonmania.Zombie.checkObstacles(Zombie.java:78)
        at dungeonmania.Zombie.move(Zombie.java:52)
        at dungeonmania.Zombie.checkObstacles(Zombie.java:78)
        at dungeonmania.Zombie.move(Zombie.java:52)
        at dungeonmania.Zombie.checkObstacles(Zombie.java:78)
        at dungeonmania.Zombie.move(Zombie.java:52)
        at dungeonmania.Zombie.checkObstacles(Zombie.java:78)
        at dungeonmania.Zombie.move(Zombie.java:52)
        at dungeonmania.Zombie.checkObstacles(Zombie.java:78)
        at dungeonmania.Zombie.move(Zombie.java:52)
        at dungeonmania.Zombie.checkObstacles(Zombie.java:78)
        at dungeonmania.Zombie.move(Zombie.java:52)
        at dungeonmania.Zombie.checkObstacles(Zombie.java:78)
        at dungeonmania.Zombie.move(Zombie.java:52)
        at dungeonmania.Zombie.checkObstacles(Zombie.java:78)
        at dungeonmania.Zombie.move(Zombie.java:52)
        at dungeonmania.Zombie.checkObstacles(Zombie.java:78)
        at dungeonmania.Zombie.move(Zombie.java:52)
        at dungeonmania.Zombie.checkObstacles(Zombie.java:78)
        at dungeonmania.Zombie.move(Zombie.java:52)
        at dungeonmania.Zombie.checkObstacles(Zombie.java:78)
        at dungeonmania.Zombie.move(Zombie.java:52)
        at dungeonmania.Zombie.checkObstacles(Zombie.java:78)
        at dungeonmania.Zombie.move(Zombie.java:52)
        at dungeonmania.Zombie.checkObstacles(Zombie.java:78)
        at dungeonmania.Zombie.move(Zombie.java:52)
        at dungeonmania.Zombie.checkObstacles(Zombie.java:78)
        at dungeonmania.Zombie.move(Zombie.java:52)
        at dungeonmania.Zombie.checkObstacles(Zombie.java:78)
        at dungeonmania.Zombie.move(Zombie.java:52)
        at dungeonmania.Zombie.checkObstacles(Zombie.java:78)
        at dungeonmania.Zombie.move(Zombie.java:52)
        at dungeonmania.Zombie.checkObstacles(Zombie.java:78)
        at dungeonmania.Zombie.move(Zombie.java:52)
        at dungeonmania.Zombie.checkObstacles(Zombie.java:78)
        at dungeonmania.Zombie.move(Zombie.java:52)
        at dungeonmania.Zombie.checkObstacles(Zombie.java:78)
        at dungeonmania.Zombie.move(Zombie.java:52)
        at dungeonmania.Zombie.checkObstacles(Zombie.java:78)
        at dungeonmania.Zombie.move(Zombie.java:52)
        at dungeonmania.Zombie.checkObstacles(Zombie.java:78)
        at dungeonmania.Zombie.move(Zombie.java:52)
        at dungeonmania.Zombie.checkObstacles(Zombie.java:78)
        at dungeonmania.Zombie.move(Zombie.java:52)
        at dungeonmania.Zombie.checkObstacles(Zombie.java:78)
        at dungeonmania.Zombie.move(Zombie.java:52)
        at dungeonmania.Zombie.checkObstacles(Zombie.java:78)
        at dungeonmania.Zombie.move(Zombie.java:52)
        at dungeonmania.Zombie.checkObstacles(Zombie.java:78)
        at dungeonmania.Zombie.move(Zombie.java:52)
        at dungeonmania.Zombie.checkObstacles(Zombie.java:78)
        at dungeonmania.Zombie.move(Zombie.java:52)
        at dungeonmania.Zombie.checkObstacles(Zombie.java:78)
        at dungeonmania.Zombie.move(Zombie.java:52)
        at dungeonmania.Zombie.checkObstacles(Zombie.java:78)
        at dungeonmania.Zombie.move(Zombie.java:52)
        at dungeonmania.Zombie.checkObstacles(Zombie.java:78)
        at dungeonmania.Zombie.move(Zombie.java:52)
        at dungeonmania.Zombie.checkObstacles(Zombie.java:78)
        at dungeonmania.Zombie.move(Zombie.java:52)
        at dungeonmania.Zombie.checkObstacles(Zombie.java:78)
        at dungeonmania.Zombie.move(Zombie.java:52)
        at dungeonmania.Zombie.checkObstacles(Zombie.java:78)
        at dungeonmania.Zombie.move(Zombie.java:52)
        at dungeonmania.Zombie.checkObstacles(Zombie.java:78)
        at dungeonmania.Zombie.move(Zombie.java:52)
        at dungeonmania.Zombie.checkObstacles(Zombie.java:78)
        at dungeonmania.Zombie.move(Zombie.java:52)
        at dungeonmania.Zombie.checkObstacles(Zombie.java:78)
        at dungeonmania.Zombie.move(Zombie.java:52)
        at dungeonmania.Zombie.checkObstacles(Zombie.java:78)
        at dungeonmania.Zombie.move(Zombie.java:52)
        at dungeonmania.Zombie.checkObstacles(Zombie.java:78)
        at dungeonmania.Zombie.move(Zombie.java:52)
        at dungeonmania.Zombie.checkObstacles(Zombie.java:78)
        at dungeonmania.Zombie.move(Zombie.java:52)
        at dungeonmania.Zombie.checkObstacles(Zombie.java:78)
        at dungeonmania.Zombie.move(Zombie.java:52)
        at dungeonmania.Zombie.checkObstacles(Zombie.java:78)
        at dungeonmania.Zombie.move(Zombie.java:52)
        at dungeonmania.Zombie.checkObstacles(Zombie.java:78)
        at dungeonmania.Zombie.move(Zombie.java:52)
        at dungeonmania.Zombie.checkObstacles(Zombie.java:78)
        at dungeonmania.Zombie.move(Zombie.java:52)
        at dungeonmania.Zombie.checkObstacles(Zombie.java:78)
        at dungeonmania.Zombie.move(Zombie.java:52)
        at dungeonmania.Zombie.checkObstacles(Zombie.java:78)
        at dungeonmania.Zombie.move(Zombie.java:52)
        at dungeonmania.Zombie.checkObstacles(Zombie.java:78)
        at dungeonmania.Zombie.move(Zombie.java:52)
        at dungeonmania.Zombie.checkObstacles(Zombie.java:78)
        at dungeonmania.Zombie.move(Zombie.java:52)
        at dungeonmania.Zombie.checkObstacles(Zombie.java:78)
        at dungeonmania.Zombie.move(Zombie.java:52)
        at dungeonmania.Zombie.checkObstacles(Zombie.java:78)
        at dungeonmania.Zombie.move(Zombie.java:52)
        at dungeonmania.Zombie.checkObstacles(Zombie.java:78)
        at dungeonmania.Zombie.move(Zombie.java:52)
        at dungeonmania.Zombie.checkObstacles(Zombie.java:78)
        at dungeonmania.Zombie.move(Zombie.java:52)
        at dungeonmania.Zombie.checkObstacles(Zombie.java:78)
        at dungeonmania.Zombie.move(Zombie.java:52)
        at dungeonmania.Zombie.checkObstacles(Zombie.java:78)
        at dungeonmania.Zombie.move(Zombie.java:52)
        at dungeonmania.Zombie.checkObstacles(Zombie.java:78)
        at dungeonmania.Zombie.move(Zombie.java:52)
        at dungeonmania.Zombie.checkObstacles(Zombie.java:78)
        at dungeonmania.Zombie.move(Zombie.java:52)
        at dungeonmania.Zombie.checkObstacles(Zombie.java:78)
        at dungeonmania.Zombie.move(Zombie.java:52)
        at dungeonmania.Zombie.checkObstacles(Zombie.java:78)
        at dungeonmania.Zombie.move(Zombie.java:52)
        at dungeonmania.Zombie.checkObstacles(Zombie.java:78)
        at dungeonmania.Zombie.move(Zombie.java:52)
        at dungeonmania.Zombie.checkObstacles(Zombie.java:78)
        at dungeonmania.Zombie.move(Zombie.java:52)
        at dungeonmania.Zombie.checkObstacles(Zombie.java:78)
        at dungeonmania.Zombie.move(Zombie.java:52)
        at dungeonmania.Zombie.checkObstacles(Zombie.java:78)
        at dungeonmania.Zombie.move(Zombie.java:52)
        at dungeonmania.Zombie.checkObstacles(Zombie.java:78)
        at dungeonmania.Zombie.move(Zombie.java:52)
        at dungeonmania.Zombie.checkObstacles(Zombie.java:78)
        at dungeonmania.Zombie.move(Zombie.java:52)
        at dungeonmania.Zombie.checkObstacles(Zombie.java:78)
        at dungeonmania.Zombie.move(Zombie.java:52)
        at dungeonmania.Zombie.checkObstacles(Zombie.java:78)
        at dungeonmania.Zombie.move(Zombie.java:52)
        at dungeonmania.Zombie.checkObstacles(Zombie.java:78)
        at dungeonmania.Zombie.move(Zombie.java:52)
        at dungeonmania.Zombie.checkObstacles(Zombie.java:78)
        at dungeonmania.Zombie.move(Zombie.java:52)
        at dungeonmania.Zombie.checkObstacles(Zombie.java:78)
        at dungeonmania.Zombie.move(Zombie.java:52)
        at dungeonmania.Zombie.checkObstacles(Zombie.java:78)
        at dungeonmania.Zombie.move(Zombie.java:52)
        at dungeonmania.Zombie.checkObstacles(Zombie.java:78)
        at dungeonmania.Zombie.move(Zombie.java:52)
        at dungeonmania.Zombie.checkObstacles(Zombie.java:78)
        at dungeonmania.Zombie.move(Zombie.java:52)
        at dungeonmania.Zombie.checkObstacles(Zombie.java:78)
        at dungeonmania.Zombie.move(Zombie.java:52)
        at dungeonmania.Zombie.checkObstacles(Zombie.java:78)
        at dungeonmania.Zombie.move(Zombie.java:52)
        at dungeonmania.Zombie.checkObstacles(Zombie.java:78)
        at dungeonmania.Zombie.move(Zombie.java:52)
        at dungeonmania.Zombie.checkObstacles(Zombie.java:78)
        at dungeonmania.Zombie.move(Zombie.java:52)
        at dungeonmania.Zombie.checkObstacles(Zombie.java:78)
        at dungeonmania.Zombie.move(Zombie.java:52)
        at dungeonmania.Zombie.checkObstacles(Zombie.java:78)
        at dungeonmania.Zombie.move(Zombie.java:52)
        at dungeonmania.Zombie.checkObstacles(Zombie.java:78)
        at dungeonmania.Zombie.move(Zombie.java:52)
        at dungeonmania.Zombie.checkObstacles(Zombie.java:78)
        at dungeonmania.Zombie.move(Zombie.java:52)
        at dungeonmania.Zombie.checkObstacles(Zombie.java:78)
        at dungeonmania.Zombie.move(Zombie.java:52)
        at dungeonmania.Zombie.checkObstacles(Zombie.java:78)
        at dungeonmania.Zombie.move(Zombie.java:52)
        at dungeonmania.Zombie.checkObstacles(Zombie.java:78)
        at dungeonmania.Zombie.move(Zombie.java:52)
        at dungeonmania.Zombie.checkObstacles(Zombie.java:78)
        at dungeonmania.Zombie.move(Zombie.java:52)
        at dungeonmania.Zombie.checkObstacles(Zombie.java:78)
        at dungeonmania.Zombie.move(Zombie.java:52)
        at dungeonmania.Zombie.checkObstacles(Zombie.java:78)
        at dungeonmania.Zombie.move(Zombie.java:52)
        at dungeonmania.Zombie.checkObstacles(Zombie.java:78)
        at dungeonmania.Zombie.move(Zombie.java:52)
        at dungeonmania.Zombie.checkObstacles(Zombie.java:78)
        at dungeonmania.Zombie.move(Zombie.java:52)
        at dungeonmania.Zombie.checkObstacles(Zombie.java:78)
        at dungeonmania.Zombie.move(Zombie.java:52)
        at dungeonmania.Zombie.checkObstacles(Zombie.java:78)
        at dungeonmania.Zombie.move(Zombie.java:52)
        at dungeonmania.Zombie.checkObstacles(Zombie.java:78)
        at dungeonmania.Zombie.move(Zombie.java:52)
        at dungeonmania.Zombie.checkObstacles(Zombie.java:78)
        at dungeonmania.Zombie.move(Zombie.java:52)
        at dungeonmania.Zombie.checkObstacles(Zombie.java:78)
        at dungeonmania.Zombie.move(Zombie.java:52)
        at dungeonmania.Zombie.checkObstacles(Zombie.java:78)
        at dungeonmania.Zombie.move(Zombie.java:52)
        at dungeonmania.Zombie.checkObstacles(Zombie.java:78)
        at dungeonmania.Zombie.move(Zombie.java:52)
        at dungeonmania.Zombie.checkObstacles(Zombie.java:78)
        at dungeonmania.Zombie.move(Zombie.java:52)
        at dungeonmania.Zombie.checkObstacles(Zombie.java:78)
        at dungeonmania.Zombie.move(Zombie.java:52)
        at dungeonmania.Zombie.checkObstacles(Zombie.java:78)
        at dungeonmania.Zombie.move(Zombie.java:52)
        at dungeonmania.Zombie.checkObstacles(Zombie.java:78)
        at dungeonmania.Zombie.move(Zombie.java:52)
        at dungeonmania.Zombie.checkObstacles(Zombie.java:78)
        at dungeonmania.Zombie.move(Zombie.java:52)
        at dungeonmania.Zombie.checkObstacles(Zombie.java:78)
        at dungeonmania.Zombie.move(Zombie.java:52)
        at dungeonmania.Zombie.checkObstacles(Zombie.java:78)
        at dungeonmania.Zombie.move(Zombie.java:52)
        at dungeonmania.Zombie.checkObstacles(Zombie.java:78)
        at dungeonmania.Zombie.move(Zombie.java:52)
        at dungeonmania.Zombie.checkObstacles(Zombie.java:78)
        at dungeonmania.Zombie.move(Zombie.java:52)
        at dungeonmania.Zombie.checkObstacles(Zombie.java:78)
        at dungeonmania.Zombie.move(Zombie.java:52)
        at dungeonmania.Zombie.checkObstacles(Zombie.java:78)
        at dungeonmania.Zombie.move(Zombie.java:52)
        at dungeonmania.Zombie.checkObstacles(Zombie.java:78)
        at dungeonmania.Zombie.move(Zombie.java:52)
        at dungeonmania.Zombie.checkObstacles(Zombie.java:78)
        at dungeonmania.Zombie.move(Zombie.java:52)
        at dungeonmania.Zombie.checkObstacles(Zombie.java:78)
        at dungeonmania.Zombie.move(Zombie.java:52)
        at dungeonmania.Zombie.checkObstacles(Zombie.java:78)
        at dungeonmania.Zombie.move(Zombie.java:52)
        at dungeonmania.Zombie.checkObstacles(Zombie.java:78)
        at dungeonmania.Zombie.move(Zombie.java:52)
        at dungeonmania.Zombie.checkObstacles(Zombie.java:78)
        at dungeonmania.Zombie.move(Zombie.java:52)
        at dungeonmania.Zombie.checkObstacles(Zombie.java:78)
        at dungeonmania.Zombie.move(Zombie.java:52)
        at dungeonmania.Zombie.checkObstacles(Zombie.java:78)
        at dungeonmania.Zombie.move(Zombie.java:52)
        at dungeonmania.Zombie.checkObstacles(Zombie.java:78)
        at dungeonmania.Zombie.move(Zombie.java:52)
        at dungeonmania.Zombie.checkObstacles(Zombie.java:78)
        at dungeonmania.Zombie.move(Zombie.java:52)
        at dungeonmania.Zombie.checkObstacles(Zombie.java:78)
        at dungeonmania.Zombie.move(Zombie.java:52)
        at dungeonmania.Zombie.checkObstacles(Zombie.java:78)
        at dungeonmania.Zombie.move(Zombie.java:52)
        at dungeonmania.Zombie.checkObstacles(Zombie.java:78)
        at dungeonmania.Zombie.move(Zombie.java:52)
        at dungeonmania.Zombie.checkObstacles(Zombie.java:78)
        at dungeonmania.Zombie.move(Zombie.java:52)
        at dungeonmania.Zombie.checkObstacles(Zombie.java:78)
        at dungeonmania.Zombie.move(Zombie.java:52)
        at dungeonmania.Zombie.checkObstacles(Zombie.java:78)
        at dungeonmania.Zombie.move(Zombie.java:52)
        at dungeonmania.Zombie.checkObstacles(Zombie.java:78)
        at dungeonmania.Zombie.move(Zombie.java:52)
        at dungeonmania.Zombie.checkObstacles(Zombie.java:78)
        at dungeonmania.Zombie.move(Zombie.java:52)
        at dungeonmania.Zombie.checkObstacles(Zombie.java:78)
        at dungeonmania.Zombie.move(Zombie.java:52)
        at dungeonmania.Zombie.checkObstacles(Zombie.java:78)
        at dungeonmania.Zombie.move(Zombie.java:52)
        at dungeonmania.Zombie.checkObstacles(Zombie.java:78)
        at dungeonmania.Zombie.move(Zombie.java:52)
        at dungeonmania.Zombie.checkObstacles(Zombie.java:78)
        at dungeonmania.Zombie.move(Zombie.java:52)
        at dungeonmania.Zombie.checkObstacles(Zombie.java:78)
        at dungeonmania.Zombie.move(Zombie.java:52)
        at dungeonmania.Zombie.checkObstacles(Zombie.java:78)
        at dungeonmania.Zombie.move(Zombie.java:52)
        at dungeonmania.Zombie.checkObstacles(Zombie.java:78)
        at dungeonmania.Zombie.move(Zombie.java:52)
        at dungeonmania.Zombie.checkObstacles(Zombie.java:78)
        at dungeonmania.Zombie.move(Zombie.java:52)
        at dungeonmania.Zombie.checkObstacles(Zombie.java:78)
        at dungeonmania.Zombie.move(Zombie.java:52)
        at dungeonmania.Zombie.checkObstacles(Zombie.java:78)
        at dungeonmania.Zombie.move(Zombie.java:52)
        at dungeonmania.Zombie.checkObstacles(Zombie.java:78)
        at dungeonmania.Zombie.move(Zombie.java:52)
        at dungeonmania.Zombie.checkObstacles(Zombie.java:78)
        at dungeonmania.Zombie.move(Zombie.java:52)
        at dungeonmania.Zombie.checkObstacles(Zombie.java:78)
        at dungeonmania.Zombie.move(Zombie.java:52)
        at dungeonmania.Zombie.checkObstacles(Zombie.java:78)
        at dungeonmania.Zombie.move(Zombie.java:52)
        at dungeonmania.Zombie.checkObstacles(Zombie.java:78)
        at dungeonmania.Zombie.move(Zombie.java:52)
        at dungeonmania.Zombie.checkObstacles(Zombie.java:78)
        at dungeonmania.Zombie.move(Zombie.java:52)
        at dungeonmania.Zombie.checkObstacles(Zombie.java:78)
        at dungeonmania.Zombie.move(Zombie.java:52)
        at dungeonmania.Zombie.checkObstacles(Zombie.java:78)
        at dungeonmania.Zombie.move(Zombie.java:52)
        at dungeonmania.Zombie.checkObstacles(Zombie.java:78)
        at dungeonmania.Zombie.move(Zombie.java:52)
        at dungeonmania.Zombie.checkObstacles(Zombie.java:78)
        at dungeonmania.Zombie.move(Zombie.java:52)
        at dungeonmania.Zombie.checkObstacles(Zombie.java:78)
        at dungeonmania.Zombie.move(Zombie.java:52)
        at dungeonmania.Zombie.checkObstacles(Zombie.java:78)
        at dungeonmania.Zombie.move(Zombie.java:52)
        at dungeonmania.Zombie.checkObstacles(Zombie.java:78)
        at dungeonmania.Zombie.move(Zombie.java:52)
        at dungeonmania.Zombie.checkObstacles(Zombie.java:78)
        at dungeonmania.Zombie.move(Zombie.java:52)
        at dungeonmania.Zombie.checkObstacles(Zombie.java:78)
        at dungeonmania.Zombie.move(Zombie.java:52)
        at dungeonmania.Zombie.checkObstacles(Zombie.java:78)
        at dungeonmania.Zombie.move(Zombie.java:52)
        at dungeonmania.Zombie.checkObstacles(Zombie.java:78)
        at dungeonmania.Zombie.move(Zombie.java:52)
        at dungeonmania.Zombie.checkObstacles(Zombie.java:78)
        at dungeonmania.Zombie.move(Zombie.java:52)
        at dungeonmania.Zombie.checkObstacles(Zombie.java:78)
        at dungeonmania.Zombie.move(Zombie.java:52)
        at dungeonmania.Zombie.checkObstacles(Zombie.java:78)
        at dungeonmania.Zombie.move(Zombie.java:52)
        at dungeonmania.Zombie.checkObstacles(Zombie.java:78)
        at dungeonmania.Zombie.move(Zombie.java:52)
        at dungeonmania.Zombie.checkObstacles(Zombie.java:78)
        at dungeonmania.Zombie.move(Zombie.java:52)
        at dungeonmania.Zombie.checkObstacles(Zombie.java:78)
        at dungeonmania.Zombie.move(Zombie.java:52)
        at dungeonmania.Zombie.checkObstacles(Zombie.java:78)
        at dungeonmania.Zombie.move(Zombie.java:52)
        at dungeonmania.Zombie.checkObstacles(Zombie.java:78)
        at dungeonmania.Zombie.move(Zombie.java:52)
        at dungeonmania.Zombie.checkObstacles(Zombie.java:78)
        at dungeonmania.Zombie.move(Zombie.java:52)
        at dungeonmania.Zombie.checkObstacles(Zombie.java:78)
        at dungeonmania.Zombie.move(Zombie.java:52)
        at dungeonmania.Zombie.checkObstacles(Zombie.java:78)
        at dungeonmania.Zombie.move(Zombie.java:52)
        at dungeonmania.Zombie.checkObstacles(Zombie.java:78)
        at dungeonmania.Zombie.move(Zombie.java:52)
        at dungeonmania.Zombie.checkObstacles(Zombie.java:78)
        at dungeonmania.Zombie.move(Zombie.java:52)
        at dungeonmania.Zombie.checkObstacles(Zombie.java:78)
        at dungeonmania.Zombie.move(Zombie.java:52)
        at dungeonmania.Zombie.checkObstacles(Zombie.java:78)
        at dungeonmania.Zombie.move(Zombie.java:52)
        at dungeonmania.Zombie.checkObstacles(Zombie.java:78)
        at dungeonmania.Zombie.move(Zombie.java:52)
        at dungeonmania.Zombie.checkObstacles(Zombie.java:78)
        at dungeonmania.Zombie.move(Zombie.java:52)
        at dungeonmania.Zombie.checkObstacles(Zombie.java:78)
        at dungeonmania.Zombie.move(Zombie.java:52)
        at dungeonmania.Zombie.checkObstacles(Zombie.java:78)
        at dungeonmania.Zombie.move(Zombie.java:52)
        at dungeonmania.Zombie.checkObstacles(Zombie.java:78)
        at dungeonmania.Zombie.move(Zombie.java:52)
        at dungeonmania.Zombie.checkObstacles(Zombie.java:78)
        at dungeonmania.Zombie.move(Zombie.java:52)
        at dungeonmania.Zombie.checkObstacles(Zombie.java:78)
        at dungeonmania.Zombie.move(Zombie.java:52)
        at dungeonmania.Zombie.checkObstacles(Zombie.java:78)
        at dungeonmania.Zombie.move(Zombie.java:52)
        at dungeonmania.Zombie.checkObstacles(Zombie.java:78)
        at dungeonmania.Zombie.move(Zombie.java:52)
        at dungeonmania.Zombie.checkObstacles(Zombie.java:78)
        at dungeonmania.Zombie.move(Zombie.java:52)
        at dungeonmania.Zombie.checkObstacles(Zombie.java:78)
        at dungeonmania.Zombie.move(Zombie.java:52)
        at dungeonmania.Zombie.checkObstacles(Zombie.java:78)
        at dungeonmania.Zombie.move(Zombie.java:52)
        at dungeonmania.Zombie.checkObstacles(Zombie.java:78)
        at dungeonmania.Zombie.move(Zombie.java:52)
        at dungeonmania.Zombie.checkObstacles(Zombie.java:78)
        at dungeonmania.Zombie.move(Zombie.java:52)
        at dungeonmania.Zombie.checkObstacles(Zombie.java:78)
        at dungeonmania.Zombie.move(Zombie.java:52)
        at dungeonmania.Zombie.checkObstacles(Zombie.java:78)
        at dungeonmania.Zombie.move(Zombie.java:52)
        at dungeonmania.Zombie.checkObstacles(Zombie.java:78)
        at dungeonmania.Zombie.move(Zombie.java:52)
        at dungeonmania.Zombie.checkObstacles(Zombie.java:78)
        at dungeonmania.Zombie.move(Zombie.java:52)
        at dungeonmania.Zombie.checkObstacles(Zombie.java:78)
        at dungeonmania.Zombie.move(Zombie.java:52)
        at dungeonmania.Zombie.checkObstacles(Zombie.java:78)
        at dungeonmania.Zombie.move(Zombie.java:52)
        at dungeonmania.Zombie.checkObstacles(Zombie.java:78)
        at dungeonmania.Zombie.move(Zombie.java:52)
        at dungeonmania.Zombie.checkObstacles(Zombie.java:78)
        at dungeonmania.Zombie.move(Zombie.java:52)
        at dungeonmania.Zombie.checkObstacles(Zombie.java:78)
        at dungeonmania.Zombie.move(Zombie.java:52)
        at dungeonmania.Zombie.checkObstacles(Zombie.java:78)
        at dungeonmania.Zombie.move(Zombie.java:52)
        at dungeonmania.Zombie.checkObstacles(Zombie.java:78)
        at dungeonmania.Zombie.move(Zombie.java:52)
        at dungeonmania.Zombie.checkObstacles(Zombie.java:78)
        at dungeonmania.Zombie.move(Zombie.java:52)
        at dungeonmania.Zombie.checkObstacles(Zombie.java:78)
        at dungeonmania.Zombie.move(Zombie.java:52)
        at dungeonmania.Zombie.checkObstacles(Zombie.java:78)
        at dungeonmania.Zombie.move(Zombie.java:52)
        at dungeonmania.Zombie.checkObstacles(Zombie.java:78)
        at dungeonmania.Zombie.move(Zombie.java:52)
        at dungeonmania.Zombie.checkObstacles(Zombie.java:78)
        at dungeonmania.Zombie.move(Zombie.java:52)
        at dungeonmania.Zombie.checkObstacles(Zombie.java:78)
        at dungeonmania.Zombie.move(Zombie.java:52)
        at dungeonmania.Zombie.checkObstacles(Zombie.java:78)
        at dungeonmania.Zombie.move(Zombie.java:52)
        at dungeonmania.Zombie.checkObstacles(Zombie.java:78)
        at dungeonmania.Zombie.move(Zombie.java:52)
        at dungeonmania.Zombie.checkObstacles(Zombie.java:78)
        at dungeonmania.Zombie.move(Zombie.java:52)
        at dungeonmania.Zombie.checkObstacles(Zombie.java:78)
        at dungeonmania.Zombie.move(Zombie.java:52)
        at dungeonmania.Zombie.checkObstacles(Zombie.java:78)
        at dungeonmania.Zombie.move(Zombie.java:52)
        at dungeonmania.Zombie.checkObstacles(Zombie.java:78)
        at dungeonmania.Zombie.move(Zombie.java:52)
        at dungeonmania.Zombie.checkObstacles(Zombie.java:78)
        at dungeonmania.Zombie.move(Zombie.java:52)
        at dungeonmania.Zombie.checkObstacles(Zombie.java:78)
        at dungeonmania.Zombie.move(Zombie.java:52)
        at dungeonmania.Zombie.checkObstacles(Zombie.java:78)
        at dungeonmania.Zombie.move(Zombie.java:52)
        at dungeonmania.Zombie.checkObstacles(Zombie.java:78)
        at dungeonmania.Zombie.move(Zombie.java:52)
        at dungeonmania.Zombie.checkObstacles(Zombie.java:78)
        at dungeonmania.Zombie.move(Zombie.java:52)
        at dungeonmania.Zombie.checkObstacles(Zombie.java:78)
        at dungeonmania.Zombie.move(Zombie.java:52)
        at dungeonmania.Zombie.checkObstacles(Zombie.java:78)
        at dungeonmania.Zombie.move(Zombie.java:52)
        at dungeonmania.Zombie.checkObstacles(Zombie.java:78)
        at dungeonmania.Zombie.move(Zombie.java:52)
        at dungeonmania.Zombie.checkObstacles(Zombie.java:78)
        at dungeonmania.Zombie.move(Zombie.java:52)
        at dungeonmania.Zombie.checkObstacles(Zombie.java:78)
        at dungeonmania.Zombie.move(Zombie.java:52)
        at dungeonmania.Zombie.checkObstacles(Zombie.java:78)
        at dungeonmania.Zombie.move(Zombie.java:52)
        at dungeonmania.Zombie.checkObstacles(Zombie.java:78)
        at dungeonmania.Zombie.move(Zombie.java:52)
        at dungeonmania.Zombie.checkObstacles(Zombie.java:78)
        at dungeonmania.Zombie.move(Zombie.java:52)
        at dungeonmania.Zombie.checkObstacles(Zombie.java:78)
        at dungeonmania.Zombie.move(Zombie.java:52)
        at dungeonmania.Zombie.checkObstacles(Zombie.java:78)
        at dungeonmania.Zombie.move(Zombie.java:52)
        at dungeonmania.Zombie.checkObstacles(Zombie.java:78)
        at dungeonmania.Zombie.move(Zombie.java:52)
        at dungeonmania.Zombie.checkObstacles(Zombie.java:78)
        at dungeonmania.Zombie.move(Zombie.java:52)
        at dungeonmania.Zombie.checkObstacles(Zombie.java:78)
        at dungeonmania.Zombie.move(Zombie.java:52)
        at dungeonmania.Zombie.checkObstacles(Zombie.java:78)
        at dungeonmania.Zombie.move(Zombie.java:52)
        at dungeonmania.Zombie.checkObstacles(Zombie.java:78)
        at dungeonmania.Zombie.move(Zombie.java:52)
        at dungeonmania.Zombie.checkObstacles(Zombie.java:78)
        at dungeonmania.Zombie.move(Zombie.java:52)
        at dungeonmania.Zombie.checkObstacles(Zombie.java:78)
        at dungeonmania.Zombie.move(Zombie.java:52)
        at dungeonmania.Zombie.checkObstacles(Zombie.java:78)
        at dungeonmania.Zombie.move(Zombie.java:52)
        at dungeonmania.Zombie.checkObstacles(Zombie.java:78)
        at dungeonmania.Zombie.move(Zombie.java:52)
        at dungeonmania.Zombie.checkObstacles(Zombie.java:78)
        at dungeonmania.Zombie.move(Zombie.java:52)
        at dungeonmania.Zombie.checkObstacles(Zombie.java:78)
        at dungeonmania.Zombie.move(Zombie.java:52)
        at dungeonmania.Zombie.checkObstacles(Zombie.java:78)
        at dungeonmania.Zombie.move(Zombie.java:52)
        at dungeonmania.Zombie.checkObstacles(Zombie.java:78)
        at dungeonmania.Zombie.move(Zombie.java:52)
        at dungeonmania.Zombie.checkObstacles(Zombie.java:78)
        at dungeonmania.Zombie.move(Zombie.java:52)
        at dungeonmania.Zombie.checkObstacles(Zombie.java:78)
        at dungeonmania.Zombie.move(Zombie.java:52)
        at dungeonmania.Zombie.checkObstacles(Zombie.java:78)
        at dungeonmania.Zombie.move(Zombie.java:52)
        at dungeonmania.Zombie.checkObstacles(Zombie.java:78)
        at dungeonmania.Zombie.move(Zombie.java:52)
        at dungeonmania.Zombie.checkObstacles(Zombie.java:78)
        at dungeonmania.Zombie.move(Zombie.java:52)
        at dungeonmania.Zombie.checkObstacles(Zombie.java:78)
        at dungeonmania.Zombie.move(Zombie.java:52)
        at dungeonmania.Zombie.checkObstacles(Zombie.java:78)
        at dungeonmania.Zombie.move(Zombie.java:52)
        at dungeonmania.Zombie.checkObstacles(Zombie.java:78)
        at dungeonmania.Zombie.move(Zombie.java:52)
        at dungeonmania.Zombie.checkObstacles(Zombie.java:78)
        at dungeonmania.Zombie.move(Zombie.java:52)
        at dungeonmania.Zombie.checkObstacles(Zombie.java:78)
        at dungeonmania.Zombie.move(Zombie.java:52)
        at dungeonmania.Zombie.checkObstacles(Zombie.java:78)
        at dungeonmania.Zombie.move(Zombie.java:52)
        at dungeonmania.Zombie.checkObstacles(Zombie.java:78)
        at dungeonmania.Zombie.move(Zombie.java:52)
        at dungeonmania.Zombie.checkObstacles(Zombie.java:78)
        at dungeonmania.Zombie.move(Zombie.java:52)
        at dungeonmania.Zombie.checkObstacles(Zombie.java:78)
        at dungeonmania.Zombie.move(Zombie.java:52)
        at dungeonmania.Zombie.checkObstacles(Zombie.java:78)
        at dungeonmania.Zombie.move(Zombie.java:52)
        at dungeonmania.Zombie.checkObstacles(Zombie.java:78)
        at dungeonmania.Zombie.move(Zombie.java:52)
        at dungeonmania.Zombie.checkObstacles(Zombie.java:78)
        at dungeonmania.Zombie.move(Zombie.java:52)
        at dungeonmania.Zombie.checkObstacles(Zombie.java:78)
        at dungeonmania.Zombie.move(Zombie.java:52)
        at dungeonmania.Zombie.checkObstacles(Zombie.java:78)
        at dungeonmania.Zombie.move(Zombie.java:52)
        at dungeonmania.Zombie.checkObstacles(Zombie.java:78)
        at dungeonmania.Zombie.move(Zombie.java:52)
        at dungeonmania.Zombie.checkObstacles(Zombie.java:78)
        at dungeonmania.Zombie.move(Zombie.java:52)
        at dungeonmania.Zombie.checkObstacles(Zombie.java:78)
        at dungeonmania.Zombie.move(Zombie.java:52)
        at dungeonmania.Zombie.checkObstacles(Zombie.java:78)
        at dungeonmania.Zombie.move(Zombie.java:52)
        at dungeonmania.Zombie.checkObstacles(Zombie.java:78)
        at dungeonmania.Zombie.move(Zombie.java:52)
        at dungeonmania.Zombie.checkObstacles(Zombie.java:78)
        at dungeonmania.Zombie.move(Zombie.java:52)
        at dungeonmania.Zombie.checkObstacles(Zombie.java:78)
        at dungeonmania.Zombie.move(Zombie.java:52)
        at dungeonmania.Zombie.checkObstacles(Zombie.java:78)
        at dungeonmania.Zombie.move(Zombie.java:52)
        at dungeonmania.Zombie.checkObstacles(Zombie.java:78)
        at dungeonmania.Zombie.move(Zombie.java:52)
        at dungeonmania.Zombie.checkObstacles(Zombie.java:78)
        at dungeonmania.Zombie.move(Zombie.java:52)
        at dungeonmania.Zombie.checkObstacles(Zombie.java:78)
        at dungeonmania.Zombie.move(Zombie.java:52)
        at dungeonmania.Zombie.checkObstacles(Zombie.java:78)
        at dungeonmania.Zombie.move(Zombie.java:52)
        at dungeonmania.Zombie.checkObstacles(Zombie.java:78)
        at dungeonmania.Zombie.move(Zombie.java:52)
        at dungeonmania.Zombie.checkObstacles(Zombie.java:78)
        at dungeonmania.Zombie.move(Zombie.java:52)
        at dungeonmania.Zombie.checkObstacles(Zombie.java:78)
        at dungeonmania.Zombie.move(Zombie.java:52)
        at dungeonmania.Zombie.checkObstacles(Zombie.java:78)
        at dungeonmania.Zombie.move(Zombie.java:52)
        at dungeonmania.Zombie.checkObstacles(Zombie.java:78)
        at dungeonmania.Zombie.move(Zombie.java:52)
        at dungeonmania.Zombie.checkObstacles(Zombie.java:78)
        at dungeonmania.Zombie.move(Zombie.java:52)
        at dungeonmania.Zombie.checkObstacles(Zombie.java:78)
        at dungeonmania.Zombie.move(Zombie.java:52)
        at dungeonmania.Zombie.checkObstacles(Zombie.java:78)
        at dungeonmania.Zombie.move(Zombie.java:52)
        at dungeonmania.Zombie.checkObstacles(Zombie.java:78)
        at dungeonmania.Zombie.move(Zombie.java:52)
        at dungeonmania.Zombie.checkObstacles(Zombie.java:78)
        at dungeonmania.Zombie.move(Zombie.java:52)
        at dungeonmania.Zombie.checkObstacles(Zombie.java:78)
        at dungeonmania.Zombie.move(Zombie.java:52)
        at dungeonmania.Zombie.checkObstacles(Zombie.java:78)
        at dungeonmania.Zombie.move(Zombie.java:52)
        at dungeonmania.Zombie.checkObstacles(Zombie.java:78)
        at dungeonmania.Zombie.move(Zombie.java:52)
        at dungeonmania.Zombie.checkObstacles(Zombie.java:78)
        at dungeonmania.Zombie.move(Zombie.java:52)
        at dungeonmania.Zombie.checkObstacles(Zombie.java:78)
        at dungeonmania.Zombie.move(Zombie.java:52)
        at dungeonmania.Zombie.checkObstacles(Zombie.java:78)
        at dungeonmania.Zombie.move(Zombie.java:52)
        at dungeonmania.Zombie.checkObstacles(Zombie.java:78)
        at dungeonmania.Zombie.move(Zombie.java:52)
        at dungeonmania.Zombie.checkObstacles(Zombie.java:78)
        at dungeonmania.Zombie.move(Zombie.java:52)
        at dungeonmania.Zombie.checkObstacles(Zombie.java:78)
        at dungeonmania.Zombie.move(Zombie.java:52)
        at dungeonmania.Zombie.checkObstacles(Zombie.java:78)
        at dungeonmania.Zombie.move(Zombie.java:52)
        at dungeonmania.Zombie.checkObstacles(Zombie.java:78)
        at dungeonmania.Zombie.move(Zombie.java:52)
        at dungeonmania.Zombie.checkObstacles(Zombie.java:78)
        at dungeonmania.Zombie.move(Zombie.java:52)
        at dungeonmania.Zombie.checkObstacles(Zombie.java:78)
        at dungeonmania.Zombie.move(Zombie.java:52)
        at dungeonmania.Zombie.checkObstacles(Zombie.java:78)
        at dungeonmania.Zombie.move(Zombie.java:52)
        at dungeonmania.Zombie.checkObstacles(Zombie.java:78)
        at dungeonmania.Zombie.move(Zombie.java:52)
        at dungeonmania.Zombie.checkObstacles(Zombie.java:78)
        at dungeonmania.Zombie.move(Zombie.java:52)
        at dungeonmania.Zombie.checkObstacles(Zombie.java:78)
        at dungeonmania.Zombie.move(Zombie.java:52)
        at dungeonmania.Zombie.checkObstacles(Zombie.java:78)
        at dungeonmania.Zombie.move(Zombie.java:52)
        at dungeonmania.Zombie.checkObstacles(Zombie.java:78)
        at dungeonmania.Zombie.move(Zombie.java:52)
        at dungeonmania.Zombie.checkObstacles(Zombie.java:78)
        at dungeonmania.Zombie.move(Zombie.java:52)
        at dungeonmania.Zombie.checkObstacles(Zombie.java:78)
        at dungeonmania.Zombie.move(Zombie.java:52)
        at dungeonmania.Zombie.checkObstacles(Zombie.java:78)
        at dungeonmania.Zombie.move(Zombie.java:52)
        at dungeonmania.Zombie.checkObstacles(Zombie.java:78)
        at dungeonmania.Zombie.move(Zombie.java:52)
        at dungeonmania.Zombie.checkObstacles(Zombie.java:78)
        at dungeonmania.Zombie.move(Zombie.java:52)
        at dungeonmania.Zombie.checkObstacles(Zombie.java:78)
        at dungeonmania.Zombie.move(Zombie.java:52)
        at dungeonmania.Zombie.checkObstacles(Zombie.java:78)
        at dungeonmania.Zombie.move(Zombie.java:52)
        at dungeonmania.Zombie.checkObstacles(Zombie.java:78)
        at dungeonmania.Zombie.move(Zombie.java:52)
FAILURE
DONE
Test 2-3
SUCCESS
DONE
Test 2-4

ZombieTest > ZombieSpawnerTest > Testing zombie spawners spawn zombies every 20 ticks FAILED
    org.opentest4j.AssertionFailedError: expected: <true> but was: <false>
        at org.junit.jupiter.api.AssertionUtils.fail(AssertionUtils.java:55)
        at org.junit.jupiter.api.AssertTrue.assertTrue(AssertTrue.java:40)
        at org.junit.jupiter.api.AssertTrue.assertTrue(AssertTrue.java:35)
        at org.junit.jupiter.api.Assertions.assertTrue(Assertions.java:179)
        at dungeonmania.controllerTest.ZombieTest$ZombieSpawnerTest.testZombieSpawning(ZombieTest.java:106)
FAILURE
DONE
Test 2-5
SUCCESS
DONE
Test 3-1
SUCCESS
DONE
Test 3-2

MercenaryTest > 3-2 Testing mercenaries cannot move through doors and walls FAILED
    org.opentest4j.AssertionFailedError: expected: <true> but was: <false>
        at org.junit.jupiter.api.AssertionUtils.fail(AssertionUtils.java:55)
        at org.junit.jupiter.api.AssertTrue.assertTrue(AssertTrue.java:40)
        at org.junit.jupiter.api.AssertTrue.assertTrue(AssertTrue.java:35)
        at org.junit.jupiter.api.Assertions.assertTrue(Assertions.java:179)
        at dungeonmania.controllerTest.MercenaryTest.testMercenaryNotMovingThroughBlockingEntities(MercenaryTest.java:57)
FAILURE
DONE
Test 3-3

MercenaryTest > Testing bribing a mercenary ensures there is no battle FAILED
    java.util.NoSuchElementException: No value present
        at java.base/java.util.Optional.get(Optional.java:141)
        at dungeonmania.controllerTest.MercenaryTest.testMercenaryBribing(MercenaryTest.java:73)
FAILURE
DONE
Test 3-4
SUCCESS
DONE
Test 4-1
SUCCESS
DONE
Test 4-2
SUCCESS
DONE
Test 4-3
SUCCESS
DONE
Test 4-4
SUCCESS
DONE
Test 5-1

PortalsTest > 5-1 Test portals work both ways FAILED
    java.lang.IllegalArgumentException
        at dungeonmania.DungeonManiaController.newGame(DungeonManiaController.java:67)
        at dungeonmania.controllerTest.PortalsTest.testTeleportationBothWays(PortalsTest.java:26)
FAILURE
DONE
Test 5-2

PortalsTest > 5-2 Test player cannot teleport into a wall FAILED
    java.lang.IllegalArgumentException
        at dungeonmania.DungeonManiaController.newGame(DungeonManiaController.java:67)
        at dungeonmania.controllerTest.PortalsTest.testCannotTeleportIntoWall(PortalsTest.java:56)
FAILURE
DONE
Test 6-1
SUCCESS
DONE
Test 6-2
SUCCESS
DONE
Test 6-3
SUCCESS
DONE
Test 6-4
SUCCESS
DONE
Test 6-5
SUCCESS
DONE
Test 6-6
SUCCESS
DONE
Test 7-1
SUCCESS
DONE
Test 7-2
SUCCESS
DONE
Test 7-3
SUCCESS
DONE
Test 7-4
SUCCESS
DONE
Test 7-5
SUCCESS
DONE
Test 7-6
SUCCESS
DONE
Test 7-7
SUCCESS
DONE
Test 7-8
SUCCESS
DONE
Test 7-9
SUCCESS
DONE
Test 8-1

MovementTest > 8-1 Test the player can move down FAILED
    java.lang.IllegalArgumentException
        at dungeonmania.DungeonManiaController.newGame(DungeonManiaController.java:67)
        at dungeonmania.controllerTest.MovementTest.testMovement(MovementTest.java:19)
        at dungeonmania.controllerTest.MovementTest.testMovementDown(MovementTest.java:31)
FAILURE
DONE
Test 8-2

MovementTest > 8-2 Test the player can move up FAILED
    java.lang.IllegalArgumentException
        at dungeonmania.DungeonManiaController.newGame(DungeonManiaController.java:67)
        at dungeonmania.controllerTest.MovementTest.testMovement(MovementTest.java:19)
        at dungeonmania.controllerTest.MovementTest.testMovementUp(MovementTest.java:38)
FAILURE
DONE
Test 8-3

MovementTest > 8-3 Test the player can move left FAILED
    java.lang.IllegalArgumentException
        at dungeonmania.DungeonManiaController.newGame(DungeonManiaController.java:67)
        at dungeonmania.controllerTest.MovementTest.testMovement(MovementTest.java:19)
        at dungeonmania.controllerTest.MovementTest.testMovementLeft(MovementTest.java:45)
FAILURE
DONE
Test 8-4

MovementTest > 8-4 Test the player can move right FAILED
    java.lang.IllegalArgumentException
        at dungeonmania.DungeonManiaController.newGame(DungeonManiaController.java:67)
        at dungeonmania.controllerTest.MovementTest.testMovement(MovementTest.java:19)
        at dungeonmania.controllerTest.MovementTest.testMovementRight(MovementTest.java:52)
FAILURE
DONE
Test 9-1
SUCCESS
DONE
Test 9-2
SUCCESS
DONE
Test 9-3
SUCCESS
DONE
Test 10-1
SUCCESS
DONE
Test 10-2
SUCCESS
DONE
Test 10-3
SUCCESS
DONE
Test 10-4
SUCCESS
DONE
Test 10-5
SUCCESS
DONE
Test 10-6

BombsTest > 10-6 Test placing a bomb diagonally adjacent to an active switch does not detonate the bomb FAILED
    org.opentest4j.AssertionFailedError: expected: <1> but was: <0>
        at org.junit.jupiter.api.AssertionUtils.fail(AssertionUtils.java:55)
        at org.junit.jupiter.api.AssertionUtils.failNotEqual(AssertionUtils.java:62)
        at org.junit.jupiter.api.AssertEquals.assertEquals(AssertEquals.java:150)
        at org.junit.jupiter.api.AssertEquals.assertEquals(AssertEquals.java:145)
        at org.junit.jupiter.api.Assertions.assertEquals(Assertions.java:527)
        at dungeonmania.controllerTest.BombsTest.testBombPlaceMapDiagonallyAdjacentActiveSwitch(BombsTest.java:163)
FAILURE
DONE
Test 10-7
SUCCESS
DONE
Test 10-8
SUCCESS
DONE
Test 11-1
SUCCESS
DONE
Test 11-2
SUCCESS
DONE
Test 11-3
SUCCESS
DONE
Test 12-1
SUCCESS
DONE
Test 12-2
SUCCESS
DONE
Test 12-3

SaveLoadTest > 12-3 Test saving and loading a map with enemies and collectables FAILED
    org.opentest4j.AssertionFailedError: expected: <true> but was: <false>
        at org.junit.jupiter.api.AssertionUtils.fail(AssertionUtils.java:55)
        at org.junit.jupiter.api.AssertTrue.assertTrue(AssertTrue.java:40)
        at org.junit.jupiter.api.AssertTrue.assertTrue(AssertTrue.java:35)
        at org.junit.jupiter.api.Assertions.assertTrue(Assertions.java:179)
        at dungeonmania.controllerTest.SaveLoadTest.testAdvancedSave(SaveLoadTest.java:67)
FAILURE
DONE
Test 12-4

SaveLoadTest > 12-4 Test saving on a map containing all types of entities FAILED
    org.opentest4j.AssertionFailedError: expected: <true> but was: <false>
        at org.junit.jupiter.api.AssertionUtils.fail(AssertionUtils.java:55)
        at org.junit.jupiter.api.AssertTrue.assertTrue(AssertTrue.java:40)
        at org.junit.jupiter.api.AssertTrue.assertTrue(AssertTrue.java:35)
        at org.junit.jupiter.api.Assertions.assertTrue(Assertions.java:179)
        at dungeonmania.controllerTest.SaveLoadTest.testSaveAllEntities(SaveLoadTest.java:85)
FAILURE
DONE
Test 13-1
SUCCESS
DONE
Test 13-2
SUCCESS
DONE
Test 13-3
SUCCESS
DONE
Test 13-4
SUCCESS
DONE
Test 13-5
SUCCESS
DONE
Test 13-6
SUCCESS
DONE
Test 13-7
SUCCESS
DONE
Test 14-1
SUCCESS
DONE
Test 14-2
SUCCESS
DONE
Test 14-3
SUCCESS
DONE
Test 14-4
SUCCESS
DONE
Test 14-5
SUCCESS
DONE
Test 14-6
SUCCESS
DONE
Test 15-1

ComplexGoalsTest > 15-1 Testing a map with EXIT and ENEMIES goal FAILED
    org.opentest4j.AssertionFailedError: expected: <> but was: <:enemies>
        at org.junit.jupiter.api.AssertionUtils.fail(AssertionUtils.java:55)
        at org.junit.jupiter.api.AssertionUtils.failNotEqual(AssertionUtils.java:62)
        at org.junit.jupiter.api.AssertEquals.assertEquals(AssertEquals.java:182)
        at org.junit.jupiter.api.AssertEquals.assertEquals(AssertEquals.java:177)
        at org.junit.jupiter.api.Assertions.assertEquals(Assertions.java:1141)
        at dungeonmania.controllerTest.ComplexGoalsTest.testExitAndEnemyGoal(ComplexGoalsTest.java:35)
FAILURE
DONE
Test 15-2
SUCCESS
DONE
Test 15-3
SUCCESS
DONE
Test 15-4
SUCCESS
DONE
Test 15-5
SUCCESS
DONE
Test 15-6
SUCCESS
DONE
Test 15-7
SUCCESS
DONE
Test 15-8
SUCCESS
DONE
Test 15-9
SUCCESS
DONE
Test 15-10
SUCCESS
DONE
Test 15-11
SUCCESS
DONE
Test 15-12

ComplexGoalsTest > 15-12 Testing a map with ENEMIES or TREASURE goal FAILED
    org.opentest4j.AssertionFailedError: expected: <> but was: <( :enemies OR :treasure )>
        at org.junit.jupiter.api.AssertionUtils.fail(AssertionUtils.java:55)
        at org.junit.jupiter.api.AssertionUtils.failNotEqual(AssertionUtils.java:62)
        at org.junit.jupiter.api.AssertEquals.assertEquals(AssertEquals.java:182)
        at org.junit.jupiter.api.AssertEquals.assertEquals(AssertEquals.java:177)
        at org.junit.jupiter.api.Assertions.assertEquals(Assertions.java:1141)
        at dungeonmania.controllerTest.ComplexGoalsTest.testEnemiesOrTreasureGoal(ComplexGoalsTest.java:199)
FAILURE
DONE
Test 15-13
SUCCESS
DONE
Test 15-14
SUCCESS
DONE
Test 15-15
SUCCESS
DONE
Test 15-16
SUCCESS
DONE
Test 16-1

BattleTest > 16-1 Test player battles spider and player or zombie dies FAILED
    java.lang.IllegalArgumentException
        at dungeonmania.DungeonManiaController.newGame(DungeonManiaController.java:67)
        at dungeonmania.controllerTest.BattleTest.testPlayerOrSpiderDiesWhenBattle(BattleTest.java:28)
FAILURE
DONE
Test 16-2

BattleTest > 16-2 Test player battles zombie and player or zombie dies FAILED
    java.lang.IllegalArgumentException
        at dungeonmania.DungeonManiaController.newGame(DungeonManiaController.java:67)
        at dungeonmania.controllerTest.BattleTest.testPlayerOrZombieDiesWhenBattle(BattleTest.java:50)
FAILURE
DONE
Test 16-3

BattleTest > 16-3 Test player battles mercenary and player or mercenary dies FAILED
    java.lang.IllegalArgumentException
        at dungeonmania.DungeonManiaController.newGame(DungeonManiaController.java:67)
        at dungeonmania.controllerTest.BattleTest.testPlayerOrMercenaryDiesWhenBattle(BattleTest.java:73)
FAILURE
DONE
Test 16-4

BattleTest > 16-4 Test player wins a battle against a spider with an invinicibility potion FAILED
    java.lang.IllegalArgumentException
        at dungeonmania.DungeonManiaController.newGame(DungeonManiaController.java:67)
        at dungeonmania.controllerTest.BattleTest.testPlayerWinsSpiderBattleWithInvincibilityPotion(BattleTest.java:98)
FAILURE
DONE
Test 16-5

BattleTest > 16-5 Test player wins a battle against a zombie with an invincibility potion FAILED
    java.lang.IllegalArgumentException
        at dungeonmania.DungeonManiaController.newGame(DungeonManiaController.java:67)
        at dungeonmania.controllerTest.BattleTest.testPlayerWinsZombieBattleWithInvincibilityPotion(BattleTest.java:123)
FAILURE
DONE
Test 16-6

BattleTest > 16-6 Test a player wins a battle against a mercenary with an invincibility potion FAILED
    java.lang.IllegalArgumentException
        at dungeonmania.DungeonManiaController.newGame(DungeonManiaController.java:67)
        at dungeonmania.controllerTest.BattleTest.testPlayerWinsMercenaryBattleWithInvincibilityPotion(BattleTest.java:146)
FAILURE
DONE
Test 16-7

BattleTest > 16-7 Test the player dies after battling 30 enemies consecutively FAILED
    java.lang.IllegalArgumentException
        at dungeonmania.DungeonManiaController.newGame(DungeonManiaController.java:67)
        at dungeonmania.controllerTest.BattleTest.testPlayerDiesAfterBattlingThirtyEnemiesConsecutively(BattleTest.java:171)
FAILURE
DONE
Test 17-1
SUCCESS
DONE
Test 17-2
SUCCESS
DONE
Test 17-3
SUCCESS
DONE
Test 17-4

SunStoneTest > 17-4 Testing sun stone can be used interchangeably with treasure FAILED
    org.opentest4j.AssertionFailedError: expected: <1> but was: <0>
        at org.junit.jupiter.api.AssertionUtils.fail(AssertionUtils.java:55)
        at org.junit.jupiter.api.AssertionUtils.failNotEqual(AssertionUtils.java:62)
        at org.junit.jupiter.api.AssertEquals.assertEquals(AssertEquals.java:150)
        at org.junit.jupiter.api.AssertEquals.assertEquals(AssertEquals.java:145)
        at org.junit.jupiter.api.Assertions.assertEquals(Assertions.java:527)
        at dungeonmania.controllerTest.SunStoneTest.useSunStoneAsTreasure(SunStoneTest.java:115)
FAILURE
DONE
Test 18-1

BossTest > 18-1 Testing bribing an assassin with the correct items ensures there is no battle FAILED
    java.util.NoSuchElementException: No value present
        at java.base/java.util.Optional.get(Optional.java:141)
        at dungeonmania.Game.interact(Game.java:257)
        at dungeonmania.DungeonManiaController.interact(DungeonManiaController.java:290)
        at dungeonmania.controllerTest.BossTest.testAssassinBribing(BossTest.java:32)
FAILURE
DONE
Test 18-2

BossTest > 18-2 Test assassins spawn in place of mercenaries with < 30% chance FAILED
    org.opentest4j.AssertionFailedError: expected: <true> but was: <false>
        at org.junit.jupiter.api.AssertionUtils.fail(AssertionUtils.java:55)
        at org.junit.jupiter.api.AssertTrue.assertTrue(AssertTrue.java:40)
        at org.junit.jupiter.api.AssertTrue.assertTrue(AssertTrue.java:35)
        at org.junit.jupiter.api.Assertions.assertTrue(Assertions.java:179)
        at dungeonmania.controllerTest.BossTest.testAssassinSpawning(BossTest.java:104)
FAILURE
DONE
Test 18-3
SUCCESS
DONE
Test 19-1
SUCCESS
DONE
Test 19-2
SUCCESS
DONE
Test 19-3
SUCCESS
DONE
Test 19-4

BuildablesM3Test > 19-4 Test building midnight armour with zombies FAILED
    org.opentest4j.AssertionFailedError: Expected java.lang.Exception to be thrown, but nothing was thrown.
        at org.junit.jupiter.api.AssertThrows.assertThrows(AssertThrows.java:71)
        at org.junit.jupiter.api.AssertThrows.assertThrows(AssertThrows.java:37)
        at org.junit.jupiter.api.Assertions.assertThrows(Assertions.java:3082)
        at dungeonmania.controllerTest.BuildablesM3Test.testBuildMidnightArmourWithZombies(BuildablesM3Test.java:150)
FAILURE
DONE
Test 20-1

AndurilTest > 20-1 Test picking up anduril from map adds to inventory FAILED
    org.opentest4j.AssertionFailedError: expected: <0> but was: <1>
        at org.junit.jupiter.api.AssertionUtils.fail(AssertionUtils.java:55)
        at org.junit.jupiter.api.AssertionUtils.failNotEqual(AssertionUtils.java:62)
        at org.junit.jupiter.api.AssertEquals.assertEquals(AssertEquals.java:150)
        at org.junit.jupiter.api.AssertEquals.assertEquals(AssertEquals.java:145)
        at org.junit.jupiter.api.Assertions.assertEquals(Assertions.java:527)
        at dungeonmania.controllerTest.AndurilTest.testAndurilPickUpRemoveFromMapAddToInventory(AndurilTest.java:34)
FAILURE
DONE
Test 20-2
SUCCESS
DONE
Test 23-1

SwampTileTest > 23-1 Testing mercenary gets stuck in swamp FAILED
    org.opentest4j.AssertionFailedError: expected: <true> but was: <false>
        at org.junit.jupiter.api.AssertionUtils.fail(AssertionUtils.java:55)
        at org.junit.jupiter.api.AssertTrue.assertTrue(AssertTrue.java:40)
        at org.junit.jupiter.api.AssertTrue.assertTrue(AssertTrue.java:35)
        at org.junit.jupiter.api.Assertions.assertTrue(Assertions.java:179)
        at dungeonmania.controllerTest.SwampTileTest.testSwampSlowsMovement(SwampTileTest.java:34)
FAILURE
DONE
Test 23-2

SwampTileTest > 23-2 Testing mercenaries can take double moves through swamps FAILED
    org.opentest4j.AssertionFailedError: expected: <Position [x=3, y=1, z=0]> but was: <Position [x=2, y=1, z=0]>
        at org.junit.jupiter.api.AssertionUtils.fail(AssertionUtils.java:55)
        at org.junit.jupiter.api.AssertionUtils.failNotEqual(AssertionUtils.java:62)
        at org.junit.jupiter.api.AssertEquals.assertEquals(AssertEquals.java:182)
        at org.junit.jupiter.api.AssertEquals.assertEquals(AssertEquals.java:177)
        at org.junit.jupiter.api.Assertions.assertEquals(Assertions.java:1141)
        at dungeonmania.controllerTest.SwampTileTest.testSwampSlowsMovementMercDoubleMove(SwampTileTest.java:52)
FAILURE
DONE
Test 23-3
SUCCESS
DONE
Test 21-1

GenerateTest > 21-1 Testing dungeon generation creates reasonable proportion of walls FAILED
    java.lang.RuntimeException: generateDungeon(int, int, int, int, String) doesn't exist
        at dungeonmania.controllerTest.GenerateTest.testGenerateDungeon(GenerateTest.java:44)
FAILURE
DONE
Test 21-2

GenerateTest > 21-2 Testing generated dungeons are solvable FAILED
    java.lang.RuntimeException: generateDungeon(int, int, int, int, String) doesn't exist
        at dungeonmania.controllerTest.GenerateTest.testGeneratedDungeonPath(GenerateTest.java:86)
FAILURE
DONE
Test 22-1

TimeTravelTest > 22-1 Testing rewinding fails without a time turner FAILED
    java.lang.RuntimeException: Failed to create a new game due to multiple exceptions.  Will report both exceptions after each other (the stack traces will occur after one and another).  The first exception was with lowercase gamemode and second was with upper camel case gamemode (i.e. standard)
    ==First==
    IllegalArgumentException: null
    ==Second==
    RuntimeException: null
        at dungeonmania.DungeonManiaController.newGame(DungeonManiaController.java:67)
        at dungeonmania.controllerTest.Utils.newGame(Utils.java:30)
        at dungeonmania.controllerTest.TimeTravelTest.testRewindMethod(TimeTravelTest.java:32)
        at java.base/jdk.internal.reflect.NativeMethodAccessorImpl.invoke0(Native Method)
        at java.base/jdk.internal.reflect.NativeMethodAccessorImpl.invoke(NativeMethodAccessorImpl.java:64)
        at java.base/jdk.internal.reflect.DelegatingMethodAccessorImpl.invoke(DelegatingMethodAccessorImpl.java:43)
        at java.base/java.lang.reflect.Method.invoke(Method.java:564)
        at org.junit.platform.commons.util.ReflectionUtils.invokeMethod(ReflectionUtils.java:725)
        at org.junit.jupiter.engine.execution.MethodInvocation.proceed(MethodInvocation.java:60)
        at org.junit.jupiter.engine.execution.InvocationInterceptorChain$ValidatingInvocation.proceed(InvocationInterceptorChain.java:131)
        at org.junit.jupiter.engine.extension.TimeoutExtension.intercept(TimeoutExtension.java:149)
        at org.junit.jupiter.engine.extension.TimeoutExtension.interceptTestableMethod(TimeoutExtension.java:140)
        at org.junit.jupiter.engine.extension.TimeoutExtension.interceptTestMethod(TimeoutExtension.java:84)
        at org.junit.jupiter.engine.execution.ExecutableInvoker$ReflectiveInterceptorCall.lambda$ofVoidMethod$0(ExecutableInvoker.java:115)
        at org.junit.jupiter.engine.execution.ExecutableInvoker.lambda$invoke$0(ExecutableInvoker.java:105)
        at org.junit.jupiter.engine.execution.InvocationInterceptorChain$InterceptedInvocation.proceed(InvocationInterceptorChain.java:106)
        at org.junit.jupiter.engine.execution.InvocationInterceptorChain.proceed(InvocationInterceptorChain.java:64)
        at org.junit.jupiter.engine.execution.InvocationInterceptorChain.chainAndInvoke(InvocationInterceptorChain.java:45)
        at org.junit.jupiter.engine.execution.InvocationInterceptorChain.invoke(InvocationInterceptorChain.java:37)
        at org.junit.jupiter.engine.execution.ExecutableInvoker.invoke(ExecutableInvoker.java:104)
        at org.junit.jupiter.engine.execution.ExecutableInvoker.invoke(ExecutableInvoker.java:98)
        at org.junit.jupiter.engine.descriptor.TestMethodTestDescriptor.lambda$invokeTestMethod$7(TestMethodTestDescriptor.java:214)
        at org.junit.platform.engine.support.hierarchical.ThrowableCollector.execute(ThrowableCollector.java:73)
        at org.junit.jupiter.engine.descriptor.TestMethodTestDescriptor.invokeTestMethod(TestMethodTestDescriptor.java:210)
        at org.junit.jupiter.engine.descriptor.TestMethodTestDescriptor.execute(TestMethodTestDescriptor.java:135)
        at org.junit.jupiter.engine.descriptor.TestMethodTestDescriptor.execute(TestMethodTestDescriptor.java:66)
        at org.junit.platform.engine.support.hierarchical.NodeTestTask.lambda$executeRecursively$6(NodeTestTask.java:151)
        at org.junit.platform.engine.support.hierarchical.ThrowableCollector.execute(ThrowableCollector.java:73)
        at org.junit.platform.engine.support.hierarchical.NodeTestTask.lambda$executeRecursively$8(NodeTestTask.java:141)
        at org.junit.platform.engine.support.hierarchical.Node.around(Node.java:137)
        at org.junit.platform.engine.support.hierarchical.NodeTestTask.lambda$executeRecursively$9(NodeTestTask.java:139)
        at org.junit.platform.engine.support.hierarchical.ThrowableCollector.execute(ThrowableCollector.java:73)
        at org.junit.platform.engine.support.hierarchical.NodeTestTask.executeRecursively(NodeTestTask.java:138)
        at org.junit.platform.engine.support.hierarchical.NodeTestTask.execute(NodeTestTask.java:95)
        at java.base/java.util.ArrayList.forEach(ArrayList.java:1511)
        at org.junit.platform.engine.support.hierarchical.SameThreadHierarchicalTestExecutorService.invokeAll(SameThreadHierarchicalTestExecutorService.java:41)
        at org.junit.platform.engine.support.hierarchical.NodeTestTask.lambda$executeRecursively$6(NodeTestTask.java:155)
        at org.junit.platform.engine.support.hierarchical.ThrowableCollector.execute(ThrowableCollector.java:73)
        at org.junit.platform.engine.support.hierarchical.NodeTestTask.lambda$executeRecursively$8(NodeTestTask.java:141)
        at org.junit.platform.engine.support.hierarchical.Node.around(Node.java:137)
        at org.junit.platform.engine.support.hierarchical.NodeTestTask.lambda$executeRecursively$9(NodeTestTask.java:139)
        at org.junit.platform.engine.support.hierarchical.ThrowableCollector.execute(ThrowableCollector.java:73)
        at org.junit.platform.engine.support.hierarchical.NodeTestTask.executeRecursively(NodeTestTask.java:138)
        at org.junit.platform.engine.support.hierarchical.NodeTestTask.execute(NodeTestTask.java:95)
        at java.base/java.util.ArrayList.forEach(ArrayList.java:1511)
        at org.junit.platform.engine.support.hierarchical.SameThreadHierarchicalTestExecutorService.invokeAll(SameThreadHierarchicalTestExecutorService.java:41)
        at org.junit.platform.engine.support.hierarchical.NodeTestTask.lambda$executeRecursively$6(NodeTestTask.java:155)
        at org.junit.platform.engine.support.hierarchical.ThrowableCollector.execute(ThrowableCollector.java:73)
        at org.junit.platform.engine.support.hierarchical.NodeTestTask.lambda$executeRecursively$8(NodeTestTask.java:141)
        at org.junit.platform.engine.support.hierarchical.Node.around(Node.java:137)
        at org.junit.platform.engine.support.hierarchical.NodeTestTask.lambda$executeRecursively$9(NodeTestTask.java:139)
        at org.junit.platform.engine.support.hierarchical.ThrowableCollector.execute(ThrowableCollector.java:73)
        at org.junit.platform.engine.support.hierarchical.NodeTestTask.executeRecursively(NodeTestTask.java:138)
        at org.junit.platform.engine.support.hierarchical.NodeTestTask.execute(NodeTestTask.java:95)
        at org.junit.platform.engine.support.hierarchical.SameThreadHierarchicalTestExecutorService.submit(SameThreadHierarchicalTestExecutorService.java:35)
        at org.junit.platform.engine.support.hierarchical.HierarchicalTestExecutor.execute(HierarchicalTestExecutor.java:57)
        at org.junit.platform.engine.support.hierarchical.HierarchicalTestEngine.execute(HierarchicalTestEngine.java:54)
        at org.junit.platform.launcher.core.EngineExecutionOrchestrator.execute(EngineExecutionOrchestrator.java:108)
        at org.junit.platform.launcher.core.EngineExecutionOrchestrator.execute(EngineExecutionOrchestrator.java:88)
        at org.junit.platform.launcher.core.EngineExecutionOrchestrator.lambda$execute$0(EngineExecutionOrchestrator.java:54)
        at org.junit.platform.launcher.core.EngineExecutionOrchestrator.withInterceptedStreams(EngineExecutionOrchestrator.java:67)
        at org.junit.platform.launcher.core.EngineExecutionOrchestrator.execute(EngineExecutionOrchestrator.java:52)
        at org.junit.platform.launcher.core.DefaultLauncher.execute(DefaultLauncher.java:96)
        at org.junit.platform.launcher.core.DefaultLauncher.execute(DefaultLauncher.java:75)
        at org.gradle.api.internal.tasks.testing.junitplatform.JUnitPlatformTestClassProcessor$CollectAllTestClassesExecutor.processAllTestClasses(JUnitPlatformTestClassProcessor.java:99)
        at org.gradle.api.internal.tasks.testing.junitplatform.JUnitPlatformTestClassProcessor$CollectAllTestClassesExecutor.access$000(JUnitPlatformTestClassProcessor.java:79)
        at org.gradle.api.internal.tasks.testing.junitplatform.JUnitPlatformTestClassProcessor.stop(JUnitPlatformTestClassProcessor.java:75)
        at org.gradle.api.internal.tasks.testing.SuiteTestClassProcessor.stop(SuiteTestClassProcessor.java:61)
        at java.base/jdk.internal.reflect.NativeMethodAccessorImpl.invoke0(Native Method)
        at java.base/jdk.internal.reflect.NativeMethodAccessorImpl.invoke(NativeMethodAccessorImpl.java:64)
        at java.base/jdk.internal.reflect.DelegatingMethodAccessorImpl.invoke(DelegatingMethodAccessorImpl.java:43)
        at java.base/java.lang.reflect.Method.invoke(Method.java:564)
        at org.gradle.internal.dispatch.ReflectionDispatch.dispatch(ReflectionDispatch.java:36)
        at org.gradle.internal.dispatch.ReflectionDispatch.dispatch(ReflectionDispatch.java:24)
        at org.gradle.internal.dispatch.ContextClassLoaderDispatch.dispatch(ContextClassLoaderDispatch.java:33)
        at org.gradle.internal.dispatch.ProxyDispatchAdapter$DispatchingInvocationHandler.invoke(ProxyDispatchAdapter.java:94)
        at com.sun.proxy.$Proxy2.stop(Unknown Source)
        at org.gradle.api.internal.tasks.testing.worker.TestWorker.stop(TestWorker.java:135)
        at java.base/jdk.internal.reflect.NativeMethodAccessorImpl.invoke0(Native Method)
        at java.base/jdk.internal.reflect.NativeMethodAccessorImpl.invoke(NativeMethodAccessorImpl.java:64)
        at java.base/jdk.internal.reflect.DelegatingMethodAccessorImpl.invoke(DelegatingMethodAccessorImpl.java:43)
        at java.base/java.lang.reflect.Method.invoke(Method.java:564)
        at org.gradle.internal.dispatch.ReflectionDispatch.dispatch(ReflectionDispatch.java:36)
        at org.gradle.internal.dispatch.ReflectionDispatch.dispatch(ReflectionDispatch.java:24)
        at org.gradle.internal.remote.internal.hub.MessageHubBackedObjectConnection$DispatchWrapper.dispatch(MessageHubBackedObjectConnection.java:182)
        at org.gradle.internal.remote.internal.hub.MessageHubBackedObjectConnection$DispatchWrapper.dispatch(MessageHubBackedObjectConnection.java:164)
        at org.gradle.internal.remote.internal.hub.MessageHub$Handler.run(MessageHub.java:414)
        at org.gradle.internal.concurrent.ExecutorPolicy$CatchAndRecordFailures.onExecute(ExecutorPolicy.java:64)
        at org.gradle.internal.concurrent.ManagedExecutorImpl$1.run(ManagedExecutorImpl.java:48)
        at java.base/java.util.concurrent.ThreadPoolExecutor.runWorker(ThreadPoolExecutor.java:1130)
        at java.base/java.util.concurrent.ThreadPoolExecutor$Worker.run(ThreadPoolExecutor.java:630)
        at org.gradle.internal.concurrent.ThreadFactoryImpl$ManagedThreadRunnable.run(ThreadFactoryImpl.java:56)
        at java.base/java.lang.Thread.run(Thread.java:832)
        at .==Second==()
        at dungeonmania.controllerTest.Utils.newGame(Utils.java:39)
        at dungeonmania.controllerTest.TimeTravelTest.testRewindMethod(TimeTravelTest.java:32)
FAILURE
DONE
Test 22-2

TimeTravelTest > 22-2 Test picking up a time turner adds to inventory FAILED
    java.lang.RuntimeException: Failed to create a new game due to multiple exceptions.  Will report both exceptions after each other (the stack traces will occur after one and another).  The first exception was with lowercase gamemode and second was with upper camel case gamemode (i.e. standard)
    ==First==
    IllegalArgumentException: null
    ==Second==
    RuntimeException: null
        at dungeonmania.DungeonManiaController.newGame(DungeonManiaController.java:67)
        at dungeonmania.controllerTest.Utils.newGame(Utils.java:30)
        at dungeonmania.controllerTest.TimeTravelTest.testPickUpTimeTurner(TimeTravelTest.java:61)
        at java.base/jdk.internal.reflect.NativeMethodAccessorImpl.invoke0(Native Method)
        at java.base/jdk.internal.reflect.NativeMethodAccessorImpl.invoke(NativeMethodAccessorImpl.java:64)
        at java.base/jdk.internal.reflect.DelegatingMethodAccessorImpl.invoke(DelegatingMethodAccessorImpl.java:43)
        at java.base/java.lang.reflect.Method.invoke(Method.java:564)
        at org.junit.platform.commons.util.ReflectionUtils.invokeMethod(ReflectionUtils.java:725)
        at org.junit.jupiter.engine.execution.MethodInvocation.proceed(MethodInvocation.java:60)
        at org.junit.jupiter.engine.execution.InvocationInterceptorChain$ValidatingInvocation.proceed(InvocationInterceptorChain.java:131)
        at org.junit.jupiter.engine.extension.TimeoutExtension.intercept(TimeoutExtension.java:149)
        at org.junit.jupiter.engine.extension.TimeoutExtension.interceptTestableMethod(TimeoutExtension.java:140)
        at org.junit.jupiter.engine.extension.TimeoutExtension.interceptTestMethod(TimeoutExtension.java:84)
        at org.junit.jupiter.engine.execution.ExecutableInvoker$ReflectiveInterceptorCall.lambda$ofVoidMethod$0(ExecutableInvoker.java:115)
        at org.junit.jupiter.engine.execution.ExecutableInvoker.lambda$invoke$0(ExecutableInvoker.java:105)
        at org.junit.jupiter.engine.execution.InvocationInterceptorChain$InterceptedInvocation.proceed(InvocationInterceptorChain.java:106)
        at org.junit.jupiter.engine.execution.InvocationInterceptorChain.proceed(InvocationInterceptorChain.java:64)
        at org.junit.jupiter.engine.execution.InvocationInterceptorChain.chainAndInvoke(InvocationInterceptorChain.java:45)
        at org.junit.jupiter.engine.execution.InvocationInterceptorChain.invoke(InvocationInterceptorChain.java:37)
        at org.junit.jupiter.engine.execution.ExecutableInvoker.invoke(ExecutableInvoker.java:104)
        at org.junit.jupiter.engine.execution.ExecutableInvoker.invoke(ExecutableInvoker.java:98)
        at org.junit.jupiter.engine.descriptor.TestMethodTestDescriptor.lambda$invokeTestMethod$7(TestMethodTestDescriptor.java:214)
        at org.junit.platform.engine.support.hierarchical.ThrowableCollector.execute(ThrowableCollector.java:73)
        at org.junit.jupiter.engine.descriptor.TestMethodTestDescriptor.invokeTestMethod(TestMethodTestDescriptor.java:210)
        at org.junit.jupiter.engine.descriptor.TestMethodTestDescriptor.execute(TestMethodTestDescriptor.java:135)
        at org.junit.jupiter.engine.descriptor.TestMethodTestDescriptor.execute(TestMethodTestDescriptor.java:66)
        at org.junit.platform.engine.support.hierarchical.NodeTestTask.lambda$executeRecursively$6(NodeTestTask.java:151)
        at org.junit.platform.engine.support.hierarchical.ThrowableCollector.execute(ThrowableCollector.java:73)
        at org.junit.platform.engine.support.hierarchical.NodeTestTask.lambda$executeRecursively$8(NodeTestTask.java:141)
        at org.junit.platform.engine.support.hierarchical.Node.around(Node.java:137)
        at org.junit.platform.engine.support.hierarchical.NodeTestTask.lambda$executeRecursively$9(NodeTestTask.java:139)
        at org.junit.platform.engine.support.hierarchical.ThrowableCollector.execute(ThrowableCollector.java:73)
        at org.junit.platform.engine.support.hierarchical.NodeTestTask.executeRecursively(NodeTestTask.java:138)
        at org.junit.platform.engine.support.hierarchical.NodeTestTask.execute(NodeTestTask.java:95)
        at java.base/java.util.ArrayList.forEach(ArrayList.java:1511)
        at org.junit.platform.engine.support.hierarchical.SameThreadHierarchicalTestExecutorService.invokeAll(SameThreadHierarchicalTestExecutorService.java:41)
        at org.junit.platform.engine.support.hierarchical.NodeTestTask.lambda$executeRecursively$6(NodeTestTask.java:155)
        at org.junit.platform.engine.support.hierarchical.ThrowableCollector.execute(ThrowableCollector.java:73)
        at org.junit.platform.engine.support.hierarchical.NodeTestTask.lambda$executeRecursively$8(NodeTestTask.java:141)
        at org.junit.platform.engine.support.hierarchical.Node.around(Node.java:137)
        at org.junit.platform.engine.support.hierarchical.NodeTestTask.lambda$executeRecursively$9(NodeTestTask.java:139)
        at org.junit.platform.engine.support.hierarchical.ThrowableCollector.execute(ThrowableCollector.java:73)
        at org.junit.platform.engine.support.hierarchical.NodeTestTask.executeRecursively(NodeTestTask.java:138)
        at org.junit.platform.engine.support.hierarchical.NodeTestTask.execute(NodeTestTask.java:95)
        at java.base/java.util.ArrayList.forEach(ArrayList.java:1511)
        at org.junit.platform.engine.support.hierarchical.SameThreadHierarchicalTestExecutorService.invokeAll(SameThreadHierarchicalTestExecutorService.java:41)
        at org.junit.platform.engine.support.hierarchical.NodeTestTask.lambda$executeRecursively$6(NodeTestTask.java:155)
        at org.junit.platform.engine.support.hierarchical.ThrowableCollector.execute(ThrowableCollector.java:73)
        at org.junit.platform.engine.support.hierarchical.NodeTestTask.lambda$executeRecursively$8(NodeTestTask.java:141)
        at org.junit.platform.engine.support.hierarchical.Node.around(Node.java:137)
        at org.junit.platform.engine.support.hierarchical.NodeTestTask.lambda$executeRecursively$9(NodeTestTask.java:139)
        at org.junit.platform.engine.support.hierarchical.ThrowableCollector.execute(ThrowableCollector.java:73)
        at org.junit.platform.engine.support.hierarchical.NodeTestTask.executeRecursively(NodeTestTask.java:138)
        at org.junit.platform.engine.support.hierarchical.NodeTestTask.execute(NodeTestTask.java:95)
        at org.junit.platform.engine.support.hierarchical.SameThreadHierarchicalTestExecutorService.submit(SameThreadHierarchicalTestExecutorService.java:35)
        at org.junit.platform.engine.support.hierarchical.HierarchicalTestExecutor.execute(HierarchicalTestExecutor.java:57)
        at org.junit.platform.engine.support.hierarchical.HierarchicalTestEngine.execute(HierarchicalTestEngine.java:54)
        at org.junit.platform.launcher.core.EngineExecutionOrchestrator.execute(EngineExecutionOrchestrator.java:108)
        at org.junit.platform.launcher.core.EngineExecutionOrchestrator.execute(EngineExecutionOrchestrator.java:88)
        at org.junit.platform.launcher.core.EngineExecutionOrchestrator.lambda$execute$0(EngineExecutionOrchestrator.java:54)
        at org.junit.platform.launcher.core.EngineExecutionOrchestrator.withInterceptedStreams(EngineExecutionOrchestrator.java:67)
        at org.junit.platform.launcher.core.EngineExecutionOrchestrator.execute(EngineExecutionOrchestrator.java:52)
        at org.junit.platform.launcher.core.DefaultLauncher.execute(DefaultLauncher.java:96)
        at org.junit.platform.launcher.core.DefaultLauncher.execute(DefaultLauncher.java:75)
        at org.gradle.api.internal.tasks.testing.junitplatform.JUnitPlatformTestClassProcessor$CollectAllTestClassesExecutor.processAllTestClasses(JUnitPlatformTestClassProcessor.java:99)
        at org.gradle.api.internal.tasks.testing.junitplatform.JUnitPlatformTestClassProcessor$CollectAllTestClassesExecutor.access$000(JUnitPlatformTestClassProcessor.java:79)
        at org.gradle.api.internal.tasks.testing.junitplatform.JUnitPlatformTestClassProcessor.stop(JUnitPlatformTestClassProcessor.java:75)
        at org.gradle.api.internal.tasks.testing.SuiteTestClassProcessor.stop(SuiteTestClassProcessor.java:61)
        at java.base/jdk.internal.reflect.NativeMethodAccessorImpl.invoke0(Native Method)
        at java.base/jdk.internal.reflect.NativeMethodAccessorImpl.invoke(NativeMethodAccessorImpl.java:64)
        at java.base/jdk.internal.reflect.DelegatingMethodAccessorImpl.invoke(DelegatingMethodAccessorImpl.java:43)
        at java.base/java.lang.reflect.Method.invoke(Method.java:564)
        at org.gradle.internal.dispatch.ReflectionDispatch.dispatch(ReflectionDispatch.java:36)
        at org.gradle.internal.dispatch.ReflectionDispatch.dispatch(ReflectionDispatch.java:24)
        at org.gradle.internal.dispatch.ContextClassLoaderDispatch.dispatch(ContextClassLoaderDispatch.java:33)
        at org.gradle.internal.dispatch.ProxyDispatchAdapter$DispatchingInvocationHandler.invoke(ProxyDispatchAdapter.java:94)
        at com.sun.proxy.$Proxy2.stop(Unknown Source)
        at org.gradle.api.internal.tasks.testing.worker.TestWorker.stop(TestWorker.java:135)
        at java.base/jdk.internal.reflect.NativeMethodAccessorImpl.invoke0(Native Method)
        at java.base/jdk.internal.reflect.NativeMethodAccessorImpl.invoke(NativeMethodAccessorImpl.java:64)
        at java.base/jdk.internal.reflect.DelegatingMethodAccessorImpl.invoke(DelegatingMethodAccessorImpl.java:43)
        at java.base/java.lang.reflect.Method.invoke(Method.java:564)
        at org.gradle.internal.dispatch.ReflectionDispatch.dispatch(ReflectionDispatch.java:36)
        at org.gradle.internal.dispatch.ReflectionDispatch.dispatch(ReflectionDispatch.java:24)
        at org.gradle.internal.remote.internal.hub.MessageHubBackedObjectConnection$DispatchWrapper.dispatch(MessageHubBackedObjectConnection.java:182)
        at org.gradle.internal.remote.internal.hub.MessageHubBackedObjectConnection$DispatchWrapper.dispatch(MessageHubBackedObjectConnection.java:164)
        at org.gradle.internal.remote.internal.hub.MessageHub$Handler.run(MessageHub.java:414)
        at org.gradle.internal.concurrent.ExecutorPolicy$CatchAndRecordFailures.onExecute(ExecutorPolicy.java:64)
        at org.gradle.internal.concurrent.ManagedExecutorImpl$1.run(ManagedExecutorImpl.java:48)
        at java.base/java.util.concurrent.ThreadPoolExecutor.runWorker(ThreadPoolExecutor.java:1130)
        at java.base/java.util.concurrent.ThreadPoolExecutor$Worker.run(ThreadPoolExecutor.java:630)
        at org.gradle.internal.concurrent.ThreadFactoryImpl$ManagedThreadRunnable.run(ThreadFactoryImpl.java:56)
        at java.base/java.lang.Thread.run(Thread.java:832)
        at .==Second==()
        at dungeonmania.controllerTest.Utils.newGame(Utils.java:39)
        at dungeonmania.controllerTest.TimeTravelTest.testPickUpTimeTurner(TimeTravelTest.java:61)
FAILURE
DONE
Test 22-3

TimeTravelTest > 22-3 Test using a time turner, 1 tick back FAILED
    java.lang.RuntimeException: Failed to create a new game due to multiple exceptions.  Will report both exceptions after each other (the stack traces will occur after one and another).  The first exception was with lowercase gamemode and second was with upper camel case gamemode (i.e. standard)
    ==First==
    IllegalArgumentException: null
    ==Second==
    RuntimeException: null
        at dungeonmania.DungeonManiaController.newGame(DungeonManiaController.java:67)
        at dungeonmania.controllerTest.Utils.newGame(Utils.java:30)
        at dungeonmania.controllerTest.TimeTravelTest.testUseTimeTurnerOneTick(TimeTravelTest.java:77)
        at java.base/jdk.internal.reflect.NativeMethodAccessorImpl.invoke0(Native Method)
        at java.base/jdk.internal.reflect.NativeMethodAccessorImpl.invoke(NativeMethodAccessorImpl.java:64)
        at java.base/jdk.internal.reflect.DelegatingMethodAccessorImpl.invoke(DelegatingMethodAccessorImpl.java:43)
        at java.base/java.lang.reflect.Method.invoke(Method.java:564)
        at org.junit.platform.commons.util.ReflectionUtils.invokeMethod(ReflectionUtils.java:725)
        at org.junit.jupiter.engine.execution.MethodInvocation.proceed(MethodInvocation.java:60)
        at org.junit.jupiter.engine.execution.InvocationInterceptorChain$ValidatingInvocation.proceed(InvocationInterceptorChain.java:131)
        at org.junit.jupiter.engine.extension.TimeoutExtension.intercept(TimeoutExtension.java:149)
        at org.junit.jupiter.engine.extension.TimeoutExtension.interceptTestableMethod(TimeoutExtension.java:140)
        at org.junit.jupiter.engine.extension.TimeoutExtension.interceptTestMethod(TimeoutExtension.java:84)
        at org.junit.jupiter.engine.execution.ExecutableInvoker$ReflectiveInterceptorCall.lambda$ofVoidMethod$0(ExecutableInvoker.java:115)
        at org.junit.jupiter.engine.execution.ExecutableInvoker.lambda$invoke$0(ExecutableInvoker.java:105)
        at org.junit.jupiter.engine.execution.InvocationInterceptorChain$InterceptedInvocation.proceed(InvocationInterceptorChain.java:106)
        at org.junit.jupiter.engine.execution.InvocationInterceptorChain.proceed(InvocationInterceptorChain.java:64)
        at org.junit.jupiter.engine.execution.InvocationInterceptorChain.chainAndInvoke(InvocationInterceptorChain.java:45)
        at org.junit.jupiter.engine.execution.InvocationInterceptorChain.invoke(InvocationInterceptorChain.java:37)
        at org.junit.jupiter.engine.execution.ExecutableInvoker.invoke(ExecutableInvoker.java:104)
        at org.junit.jupiter.engine.execution.ExecutableInvoker.invoke(ExecutableInvoker.java:98)
        at org.junit.jupiter.engine.descriptor.TestMethodTestDescriptor.lambda$invokeTestMethod$7(TestMethodTestDescriptor.java:214)
        at org.junit.platform.engine.support.hierarchical.ThrowableCollector.execute(ThrowableCollector.java:73)
        at org.junit.jupiter.engine.descriptor.TestMethodTestDescriptor.invokeTestMethod(TestMethodTestDescriptor.java:210)
        at org.junit.jupiter.engine.descriptor.TestMethodTestDescriptor.execute(TestMethodTestDescriptor.java:135)
        at org.junit.jupiter.engine.descriptor.TestMethodTestDescriptor.execute(TestMethodTestDescriptor.java:66)
        at org.junit.platform.engine.support.hierarchical.NodeTestTask.lambda$executeRecursively$6(NodeTestTask.java:151)
        at org.junit.platform.engine.support.hierarchical.ThrowableCollector.execute(ThrowableCollector.java:73)
        at org.junit.platform.engine.support.hierarchical.NodeTestTask.lambda$executeRecursively$8(NodeTestTask.java:141)
        at org.junit.platform.engine.support.hierarchical.Node.around(Node.java:137)
        at org.junit.platform.engine.support.hierarchical.NodeTestTask.lambda$executeRecursively$9(NodeTestTask.java:139)
        at org.junit.platform.engine.support.hierarchical.ThrowableCollector.execute(ThrowableCollector.java:73)
        at org.junit.platform.engine.support.hierarchical.NodeTestTask.executeRecursively(NodeTestTask.java:138)
        at org.junit.platform.engine.support.hierarchical.NodeTestTask.execute(NodeTestTask.java:95)
        at java.base/java.util.ArrayList.forEach(ArrayList.java:1511)
        at org.junit.platform.engine.support.hierarchical.SameThreadHierarchicalTestExecutorService.invokeAll(SameThreadHierarchicalTestExecutorService.java:41)
        at org.junit.platform.engine.support.hierarchical.NodeTestTask.lambda$executeRecursively$6(NodeTestTask.java:155)
        at org.junit.platform.engine.support.hierarchical.ThrowableCollector.execute(ThrowableCollector.java:73)
        at org.junit.platform.engine.support.hierarchical.NodeTestTask.lambda$executeRecursively$8(NodeTestTask.java:141)
        at org.junit.platform.engine.support.hierarchical.Node.around(Node.java:137)
        at org.junit.platform.engine.support.hierarchical.NodeTestTask.lambda$executeRecursively$9(NodeTestTask.java:139)
        at org.junit.platform.engine.support.hierarchical.ThrowableCollector.execute(ThrowableCollector.java:73)
        at org.junit.platform.engine.support.hierarchical.NodeTestTask.executeRecursively(NodeTestTask.java:138)
        at org.junit.platform.engine.support.hierarchical.NodeTestTask.execute(NodeTestTask.java:95)
        at java.base/java.util.ArrayList.forEach(ArrayList.java:1511)
        at org.junit.platform.engine.support.hierarchical.SameThreadHierarchicalTestExecutorService.invokeAll(SameThreadHierarchicalTestExecutorService.java:41)
        at org.junit.platform.engine.support.hierarchical.NodeTestTask.lambda$executeRecursively$6(NodeTestTask.java:155)
        at org.junit.platform.engine.support.hierarchical.ThrowableCollector.execute(ThrowableCollector.java:73)
        at org.junit.platform.engine.support.hierarchical.NodeTestTask.lambda$executeRecursively$8(NodeTestTask.java:141)
        at org.junit.platform.engine.support.hierarchical.Node.around(Node.java:137)
        at org.junit.platform.engine.support.hierarchical.NodeTestTask.lambda$executeRecursively$9(NodeTestTask.java:139)
        at org.junit.platform.engine.support.hierarchical.ThrowableCollector.execute(ThrowableCollector.java:73)
        at org.junit.platform.engine.support.hierarchical.NodeTestTask.executeRecursively(NodeTestTask.java:138)
        at org.junit.platform.engine.support.hierarchical.NodeTestTask.execute(NodeTestTask.java:95)
        at org.junit.platform.engine.support.hierarchical.SameThreadHierarchicalTestExecutorService.submit(SameThreadHierarchicalTestExecutorService.java:35)
        at org.junit.platform.engine.support.hierarchical.HierarchicalTestExecutor.execute(HierarchicalTestExecutor.java:57)
        at org.junit.platform.engine.support.hierarchical.HierarchicalTestEngine.execute(HierarchicalTestEngine.java:54)
        at org.junit.platform.launcher.core.EngineExecutionOrchestrator.execute(EngineExecutionOrchestrator.java:108)
        at org.junit.platform.launcher.core.EngineExecutionOrchestrator.execute(EngineExecutionOrchestrator.java:88)
        at org.junit.platform.launcher.core.EngineExecutionOrchestrator.lambda$execute$0(EngineExecutionOrchestrator.java:54)
        at org.junit.platform.launcher.core.EngineExecutionOrchestrator.withInterceptedStreams(EngineExecutionOrchestrator.java:67)
        at org.junit.platform.launcher.core.EngineExecutionOrchestrator.execute(EngineExecutionOrchestrator.java:52)
        at org.junit.platform.launcher.core.DefaultLauncher.execute(DefaultLauncher.java:96)
        at org.junit.platform.launcher.core.DefaultLauncher.execute(DefaultLauncher.java:75)
        at org.gradle.api.internal.tasks.testing.junitplatform.JUnitPlatformTestClassProcessor$CollectAllTestClassesExecutor.processAllTestClasses(JUnitPlatformTestClassProcessor.java:99)
        at org.gradle.api.internal.tasks.testing.junitplatform.JUnitPlatformTestClassProcessor$CollectAllTestClassesExecutor.access$000(JUnitPlatformTestClassProcessor.java:79)
        at org.gradle.api.internal.tasks.testing.junitplatform.JUnitPlatformTestClassProcessor.stop(JUnitPlatformTestClassProcessor.java:75)
        at org.gradle.api.internal.tasks.testing.SuiteTestClassProcessor.stop(SuiteTestClassProcessor.java:61)
        at java.base/jdk.internal.reflect.NativeMethodAccessorImpl.invoke0(Native Method)
        at java.base/jdk.internal.reflect.NativeMethodAccessorImpl.invoke(NativeMethodAccessorImpl.java:64)
        at java.base/jdk.internal.reflect.DelegatingMethodAccessorImpl.invoke(DelegatingMethodAccessorImpl.java:43)
        at java.base/java.lang.reflect.Method.invoke(Method.java:564)
        at org.gradle.internal.dispatch.ReflectionDispatch.dispatch(ReflectionDispatch.java:36)
        at org.gradle.internal.dispatch.ReflectionDispatch.dispatch(ReflectionDispatch.java:24)
        at org.gradle.internal.dispatch.ContextClassLoaderDispatch.dispatch(ContextClassLoaderDispatch.java:33)
        at org.gradle.internal.dispatch.ProxyDispatchAdapter$DispatchingInvocationHandler.invoke(ProxyDispatchAdapter.java:94)
        at com.sun.proxy.$Proxy2.stop(Unknown Source)
        at org.gradle.api.internal.tasks.testing.worker.TestWorker.stop(TestWorker.java:135)
        at java.base/jdk.internal.reflect.NativeMethodAccessorImpl.invoke0(Native Method)
        at java.base/jdk.internal.reflect.NativeMethodAccessorImpl.invoke(NativeMethodAccessorImpl.java:64)
        at java.base/jdk.internal.reflect.DelegatingMethodAccessorImpl.invoke(DelegatingMethodAccessorImpl.java:43)
        at java.base/java.lang.reflect.Method.invoke(Method.java:564)
        at org.gradle.internal.dispatch.ReflectionDispatch.dispatch(ReflectionDispatch.java:36)
        at org.gradle.internal.dispatch.ReflectionDispatch.dispatch(ReflectionDispatch.java:24)
        at org.gradle.internal.remote.internal.hub.MessageHubBackedObjectConnection$DispatchWrapper.dispatch(MessageHubBackedObjectConnection.java:182)
        at org.gradle.internal.remote.internal.hub.MessageHubBackedObjectConnection$DispatchWrapper.dispatch(MessageHubBackedObjectConnection.java:164)
        at org.gradle.internal.remote.internal.hub.MessageHub$Handler.run(MessageHub.java:414)
        at org.gradle.internal.concurrent.ExecutorPolicy$CatchAndRecordFailures.onExecute(ExecutorPolicy.java:64)
        at org.gradle.internal.concurrent.ManagedExecutorImpl$1.run(ManagedExecutorImpl.java:48)
        at java.base/java.util.concurrent.ThreadPoolExecutor.runWorker(ThreadPoolExecutor.java:1130)
        at java.base/java.util.concurrent.ThreadPoolExecutor$Worker.run(ThreadPoolExecutor.java:630)
        at org.gradle.internal.concurrent.ThreadFactoryImpl$ManagedThreadRunnable.run(ThreadFactoryImpl.java:56)
        at java.base/java.lang.Thread.run(Thread.java:832)
        at .==Second==()
        at dungeonmania.controllerTest.Utils.newGame(Utils.java:39)
        at dungeonmania.controllerTest.TimeTravelTest.testUseTimeTurnerOneTick(TimeTravelTest.java:77)
FAILURE
DONE
Test 22-4

TimeTravelTest > 22-4 Test using a time turner, 5 ticks back FAILED
    java.lang.RuntimeException: Failed to create a new game due to multiple exceptions.  Will report both exceptions after each other (the stack traces will occur after one and another).  The first exception was with lowercase gamemode and second was with upper camel case gamemode (i.e. standard)
    ==First==
    IllegalArgumentException: null
    ==Second==
    RuntimeException: null
        at dungeonmania.DungeonManiaController.newGame(DungeonManiaController.java:67)
        at dungeonmania.controllerTest.Utils.newGame(Utils.java:30)
        at dungeonmania.controllerTest.TimeTravelTest.testUseTimeTurnerFiveTicks(TimeTravelTest.java:114)
        at java.base/jdk.internal.reflect.NativeMethodAccessorImpl.invoke0(Native Method)
        at java.base/jdk.internal.reflect.NativeMethodAccessorImpl.invoke(NativeMethodAccessorImpl.java:64)
        at java.base/jdk.internal.reflect.DelegatingMethodAccessorImpl.invoke(DelegatingMethodAccessorImpl.java:43)
        at java.base/java.lang.reflect.Method.invoke(Method.java:564)
        at org.junit.platform.commons.util.ReflectionUtils.invokeMethod(ReflectionUtils.java:725)
        at org.junit.jupiter.engine.execution.MethodInvocation.proceed(MethodInvocation.java:60)
        at org.junit.jupiter.engine.execution.InvocationInterceptorChain$ValidatingInvocation.proceed(InvocationInterceptorChain.java:131)
        at org.junit.jupiter.engine.extension.TimeoutExtension.intercept(TimeoutExtension.java:149)
        at org.junit.jupiter.engine.extension.TimeoutExtension.interceptTestableMethod(TimeoutExtension.java:140)
        at org.junit.jupiter.engine.extension.TimeoutExtension.interceptTestMethod(TimeoutExtension.java:84)
        at org.junit.jupiter.engine.execution.ExecutableInvoker$ReflectiveInterceptorCall.lambda$ofVoidMethod$0(ExecutableInvoker.java:115)
        at org.junit.jupiter.engine.execution.ExecutableInvoker.lambda$invoke$0(ExecutableInvoker.java:105)
        at org.junit.jupiter.engine.execution.InvocationInterceptorChain$InterceptedInvocation.proceed(InvocationInterceptorChain.java:106)
        at org.junit.jupiter.engine.execution.InvocationInterceptorChain.proceed(InvocationInterceptorChain.java:64)
        at org.junit.jupiter.engine.execution.InvocationInterceptorChain.chainAndInvoke(InvocationInterceptorChain.java:45)
        at org.junit.jupiter.engine.execution.InvocationInterceptorChain.invoke(InvocationInterceptorChain.java:37)
        at org.junit.jupiter.engine.execution.ExecutableInvoker.invoke(ExecutableInvoker.java:104)
        at org.junit.jupiter.engine.execution.ExecutableInvoker.invoke(ExecutableInvoker.java:98)
        at org.junit.jupiter.engine.descriptor.TestMethodTestDescriptor.lambda$invokeTestMethod$7(TestMethodTestDescriptor.java:214)
        at org.junit.platform.engine.support.hierarchical.ThrowableCollector.execute(ThrowableCollector.java:73)
        at org.junit.jupiter.engine.descriptor.TestMethodTestDescriptor.invokeTestMethod(TestMethodTestDescriptor.java:210)
        at org.junit.jupiter.engine.descriptor.TestMethodTestDescriptor.execute(TestMethodTestDescriptor.java:135)
        at org.junit.jupiter.engine.descriptor.TestMethodTestDescriptor.execute(TestMethodTestDescriptor.java:66)
        at org.junit.platform.engine.support.hierarchical.NodeTestTask.lambda$executeRecursively$6(NodeTestTask.java:151)
        at org.junit.platform.engine.support.hierarchical.ThrowableCollector.execute(ThrowableCollector.java:73)
        at org.junit.platform.engine.support.hierarchical.NodeTestTask.lambda$executeRecursively$8(NodeTestTask.java:141)
        at org.junit.platform.engine.support.hierarchical.Node.around(Node.java:137)
        at org.junit.platform.engine.support.hierarchical.NodeTestTask.lambda$executeRecursively$9(NodeTestTask.java:139)
        at org.junit.platform.engine.support.hierarchical.ThrowableCollector.execute(ThrowableCollector.java:73)
        at org.junit.platform.engine.support.hierarchical.NodeTestTask.executeRecursively(NodeTestTask.java:138)
        at org.junit.platform.engine.support.hierarchical.NodeTestTask.execute(NodeTestTask.java:95)
        at java.base/java.util.ArrayList.forEach(ArrayList.java:1511)
        at org.junit.platform.engine.support.hierarchical.SameThreadHierarchicalTestExecutorService.invokeAll(SameThreadHierarchicalTestExecutorService.java:41)
        at org.junit.platform.engine.support.hierarchical.NodeTestTask.lambda$executeRecursively$6(NodeTestTask.java:155)
        at org.junit.platform.engine.support.hierarchical.ThrowableCollector.execute(ThrowableCollector.java:73)
        at org.junit.platform.engine.support.hierarchical.NodeTestTask.lambda$executeRecursively$8(NodeTestTask.java:141)
        at org.junit.platform.engine.support.hierarchical.Node.around(Node.java:137)
        at org.junit.platform.engine.support.hierarchical.NodeTestTask.lambda$executeRecursively$9(NodeTestTask.java:139)
        at org.junit.platform.engine.support.hierarchical.ThrowableCollector.execute(ThrowableCollector.java:73)
        at org.junit.platform.engine.support.hierarchical.NodeTestTask.executeRecursively(NodeTestTask.java:138)
        at org.junit.platform.engine.support.hierarchical.NodeTestTask.execute(NodeTestTask.java:95)
        at java.base/java.util.ArrayList.forEach(ArrayList.java:1511)
        at org.junit.platform.engine.support.hierarchical.SameThreadHierarchicalTestExecutorService.invokeAll(SameThreadHierarchicalTestExecutorService.java:41)
        at org.junit.platform.engine.support.hierarchical.NodeTestTask.lambda$executeRecursively$6(NodeTestTask.java:155)
        at org.junit.platform.engine.support.hierarchical.ThrowableCollector.execute(ThrowableCollector.java:73)
        at org.junit.platform.engine.support.hierarchical.NodeTestTask.lambda$executeRecursively$8(NodeTestTask.java:141)
        at org.junit.platform.engine.support.hierarchical.Node.around(Node.java:137)
        at org.junit.platform.engine.support.hierarchical.NodeTestTask.lambda$executeRecursively$9(NodeTestTask.java:139)
        at org.junit.platform.engine.support.hierarchical.ThrowableCollector.execute(ThrowableCollector.java:73)
        at org.junit.platform.engine.support.hierarchical.NodeTestTask.executeRecursively(NodeTestTask.java:138)
        at org.junit.platform.engine.support.hierarchical.NodeTestTask.execute(NodeTestTask.java:95)
        at org.junit.platform.engine.support.hierarchical.SameThreadHierarchicalTestExecutorService.submit(SameThreadHierarchicalTestExecutorService.java:35)
        at org.junit.platform.engine.support.hierarchical.HierarchicalTestExecutor.execute(HierarchicalTestExecutor.java:57)
        at org.junit.platform.engine.support.hierarchical.HierarchicalTestEngine.execute(HierarchicalTestEngine.java:54)
        at org.junit.platform.launcher.core.EngineExecutionOrchestrator.execute(EngineExecutionOrchestrator.java:108)
        at org.junit.platform.launcher.core.EngineExecutionOrchestrator.execute(EngineExecutionOrchestrator.java:88)
        at org.junit.platform.launcher.core.EngineExecutionOrchestrator.lambda$execute$0(EngineExecutionOrchestrator.java:54)
        at org.junit.platform.launcher.core.EngineExecutionOrchestrator.withInterceptedStreams(EngineExecutionOrchestrator.java:67)
        at org.junit.platform.launcher.core.EngineExecutionOrchestrator.execute(EngineExecutionOrchestrator.java:52)
        at org.junit.platform.launcher.core.DefaultLauncher.execute(DefaultLauncher.java:96)
        at org.junit.platform.launcher.core.DefaultLauncher.execute(DefaultLauncher.java:75)
        at org.gradle.api.internal.tasks.testing.junitplatform.JUnitPlatformTestClassProcessor$CollectAllTestClassesExecutor.processAllTestClasses(JUnitPlatformTestClassProcessor.java:99)
        at org.gradle.api.internal.tasks.testing.junitplatform.JUnitPlatformTestClassProcessor$CollectAllTestClassesExecutor.access$000(JUnitPlatformTestClassProcessor.java:79)
        at org.gradle.api.internal.tasks.testing.junitplatform.JUnitPlatformTestClassProcessor.stop(JUnitPlatformTestClassProcessor.java:75)
        at org.gradle.api.internal.tasks.testing.SuiteTestClassProcessor.stop(SuiteTestClassProcessor.java:61)
        at java.base/jdk.internal.reflect.NativeMethodAccessorImpl.invoke0(Native Method)
        at java.base/jdk.internal.reflect.NativeMethodAccessorImpl.invoke(NativeMethodAccessorImpl.java:64)
        at java.base/jdk.internal.reflect.DelegatingMethodAccessorImpl.invoke(DelegatingMethodAccessorImpl.java:43)
        at java.base/java.lang.reflect.Method.invoke(Method.java:564)
        at org.gradle.internal.dispatch.ReflectionDispatch.dispatch(ReflectionDispatch.java:36)
        at org.gradle.internal.dispatch.ReflectionDispatch.dispatch(ReflectionDispatch.java:24)
        at org.gradle.internal.dispatch.ContextClassLoaderDispatch.dispatch(ContextClassLoaderDispatch.java:33)
        at org.gradle.internal.dispatch.ProxyDispatchAdapter$DispatchingInvocationHandler.invoke(ProxyDispatchAdapter.java:94)
        at com.sun.proxy.$Proxy2.stop(Unknown Source)
        at org.gradle.api.internal.tasks.testing.worker.TestWorker.stop(TestWorker.java:135)
        at java.base/jdk.internal.reflect.NativeMethodAccessorImpl.invoke0(Native Method)
        at java.base/jdk.internal.reflect.NativeMethodAccessorImpl.invoke(NativeMethodAccessorImpl.java:64)
        at java.base/jdk.internal.reflect.DelegatingMethodAccessorImpl.invoke(DelegatingMethodAccessorImpl.java:43)
        at java.base/java.lang.reflect.Method.invoke(Method.java:564)
        at org.gradle.internal.dispatch.ReflectionDispatch.dispatch(ReflectionDispatch.java:36)
        at org.gradle.internal.dispatch.ReflectionDispatch.dispatch(ReflectionDispatch.java:24)
        at org.gradle.internal.remote.internal.hub.MessageHubBackedObjectConnection$DispatchWrapper.dispatch(MessageHubBackedObjectConnection.java:182)
        at org.gradle.internal.remote.internal.hub.MessageHubBackedObjectConnection$DispatchWrapper.dispatch(MessageHubBackedObjectConnection.java:164)
        at org.gradle.internal.remote.internal.hub.MessageHub$Handler.run(MessageHub.java:414)
        at org.gradle.internal.concurrent.ExecutorPolicy$CatchAndRecordFailures.onExecute(ExecutorPolicy.java:64)
        at org.gradle.internal.concurrent.ManagedExecutorImpl$1.run(ManagedExecutorImpl.java:48)
        at java.base/java.util.concurrent.ThreadPoolExecutor.runWorker(ThreadPoolExecutor.java:1130)
        at java.base/java.util.concurrent.ThreadPoolExecutor$Worker.run(ThreadPoolExecutor.java:630)
        at org.gradle.internal.concurrent.ThreadFactoryImpl$ManagedThreadRunnable.run(ThreadFactoryImpl.java:56)
        at java.base/java.lang.Thread.run(Thread.java:832)
        at .==Second==()
        at dungeonmania.controllerTest.Utils.newGame(Utils.java:39)
        at dungeonmania.controllerTest.TimeTravelTest.testUseTimeTurnerFiveTicks(TimeTravelTest.java:114)
FAILURE
DONE
Test 22-5

TimeTravelTest > 22-5 Test time travel portals FAILED
    java.lang.RuntimeException: Failed to create a new game due to multiple exceptions.  Will report both exceptions after each other (the stack traces will occur after one and another).  The first exception was with lowercase gamemode and second was with upper camel case gamemode (i.e. standard)
    ==First==
    IllegalArgumentException: null
    ==Second==
    RuntimeException: null
        at dungeonmania.DungeonManiaController.newGame(DungeonManiaController.java:67)
        at dungeonmania.controllerTest.Utils.newGame(Utils.java:30)
        at dungeonmania.controllerTest.TimeTravelTest.testTimeTravellingPortal(TimeTravelTest.java:160)
        at java.base/jdk.internal.reflect.NativeMethodAccessorImpl.invoke0(Native Method)
        at java.base/jdk.internal.reflect.NativeMethodAccessorImpl.invoke(NativeMethodAccessorImpl.java:64)
        at java.base/jdk.internal.reflect.DelegatingMethodAccessorImpl.invoke(DelegatingMethodAccessorImpl.java:43)
        at java.base/java.lang.reflect.Method.invoke(Method.java:564)
        at org.junit.platform.commons.util.ReflectionUtils.invokeMethod(ReflectionUtils.java:725)
        at org.junit.jupiter.engine.execution.MethodInvocation.proceed(MethodInvocation.java:60)
        at org.junit.jupiter.engine.execution.InvocationInterceptorChain$ValidatingInvocation.proceed(InvocationInterceptorChain.java:131)
        at org.junit.jupiter.engine.extension.TimeoutExtension.intercept(TimeoutExtension.java:149)
        at org.junit.jupiter.engine.extension.TimeoutExtension.interceptTestableMethod(TimeoutExtension.java:140)
        at org.junit.jupiter.engine.extension.TimeoutExtension.interceptTestMethod(TimeoutExtension.java:84)
        at org.junit.jupiter.engine.execution.ExecutableInvoker$ReflectiveInterceptorCall.lambda$ofVoidMethod$0(ExecutableInvoker.java:115)
        at org.junit.jupiter.engine.execution.ExecutableInvoker.lambda$invoke$0(ExecutableInvoker.java:105)
        at org.junit.jupiter.engine.execution.InvocationInterceptorChain$InterceptedInvocation.proceed(InvocationInterceptorChain.java:106)
        at org.junit.jupiter.engine.execution.InvocationInterceptorChain.proceed(InvocationInterceptorChain.java:64)
        at org.junit.jupiter.engine.execution.InvocationInterceptorChain.chainAndInvoke(InvocationInterceptorChain.java:45)
        at org.junit.jupiter.engine.execution.InvocationInterceptorChain.invoke(InvocationInterceptorChain.java:37)
        at org.junit.jupiter.engine.execution.ExecutableInvoker.invoke(ExecutableInvoker.java:104)
        at org.junit.jupiter.engine.execution.ExecutableInvoker.invoke(ExecutableInvoker.java:98)
        at org.junit.jupiter.engine.descriptor.TestMethodTestDescriptor.lambda$invokeTestMethod$7(TestMethodTestDescriptor.java:214)
        at org.junit.platform.engine.support.hierarchical.ThrowableCollector.execute(ThrowableCollector.java:73)
        at org.junit.jupiter.engine.descriptor.TestMethodTestDescriptor.invokeTestMethod(TestMethodTestDescriptor.java:210)
        at org.junit.jupiter.engine.descriptor.TestMethodTestDescriptor.execute(TestMethodTestDescriptor.java:135)
        at org.junit.jupiter.engine.descriptor.TestMethodTestDescriptor.execute(TestMethodTestDescriptor.java:66)
        at org.junit.platform.engine.support.hierarchical.NodeTestTask.lambda$executeRecursively$6(NodeTestTask.java:151)
        at org.junit.platform.engine.support.hierarchical.ThrowableCollector.execute(ThrowableCollector.java:73)
        at org.junit.platform.engine.support.hierarchical.NodeTestTask.lambda$executeRecursively$8(NodeTestTask.java:141)
        at org.junit.platform.engine.support.hierarchical.Node.around(Node.java:137)
        at org.junit.platform.engine.support.hierarchical.NodeTestTask.lambda$executeRecursively$9(NodeTestTask.java:139)
        at org.junit.platform.engine.support.hierarchical.ThrowableCollector.execute(ThrowableCollector.java:73)
        at org.junit.platform.engine.support.hierarchical.NodeTestTask.executeRecursively(NodeTestTask.java:138)
        at org.junit.platform.engine.support.hierarchical.NodeTestTask.execute(NodeTestTask.java:95)
        at java.base/java.util.ArrayList.forEach(ArrayList.java:1511)
        at org.junit.platform.engine.support.hierarchical.SameThreadHierarchicalTestExecutorService.invokeAll(SameThreadHierarchicalTestExecutorService.java:41)
        at org.junit.platform.engine.support.hierarchical.NodeTestTask.lambda$executeRecursively$6(NodeTestTask.java:155)
        at org.junit.platform.engine.support.hierarchical.ThrowableCollector.execute(ThrowableCollector.java:73)
        at org.junit.platform.engine.support.hierarchical.NodeTestTask.lambda$executeRecursively$8(NodeTestTask.java:141)
        at org.junit.platform.engine.support.hierarchical.Node.around(Node.java:137)
        at org.junit.platform.engine.support.hierarchical.NodeTestTask.lambda$executeRecursively$9(NodeTestTask.java:139)
        at org.junit.platform.engine.support.hierarchical.ThrowableCollector.execute(ThrowableCollector.java:73)
        at org.junit.platform.engine.support.hierarchical.NodeTestTask.executeRecursively(NodeTestTask.java:138)
        at org.junit.platform.engine.support.hierarchical.NodeTestTask.execute(NodeTestTask.java:95)
        at java.base/java.util.ArrayList.forEach(ArrayList.java:1511)
        at org.junit.platform.engine.support.hierarchical.SameThreadHierarchicalTestExecutorService.invokeAll(SameThreadHierarchicalTestExecutorService.java:41)
        at org.junit.platform.engine.support.hierarchical.NodeTestTask.lambda$executeRecursively$6(NodeTestTask.java:155)
        at org.junit.platform.engine.support.hierarchical.ThrowableCollector.execute(ThrowableCollector.java:73)
        at org.junit.platform.engine.support.hierarchical.NodeTestTask.lambda$executeRecursively$8(NodeTestTask.java:141)
        at org.junit.platform.engine.support.hierarchical.Node.around(Node.java:137)
        at org.junit.platform.engine.support.hierarchical.NodeTestTask.lambda$executeRecursively$9(NodeTestTask.java:139)
        at org.junit.platform.engine.support.hierarchical.ThrowableCollector.execute(ThrowableCollector.java:73)
        at org.junit.platform.engine.support.hierarchical.NodeTestTask.executeRecursively(NodeTestTask.java:138)
        at org.junit.platform.engine.support.hierarchical.NodeTestTask.execute(NodeTestTask.java:95)
        at org.junit.platform.engine.support.hierarchical.SameThreadHierarchicalTestExecutorService.submit(SameThreadHierarchicalTestExecutorService.java:35)
        at org.junit.platform.engine.support.hierarchical.HierarchicalTestExecutor.execute(HierarchicalTestExecutor.java:57)
        at org.junit.platform.engine.support.hierarchical.HierarchicalTestEngine.execute(HierarchicalTestEngine.java:54)
        at org.junit.platform.launcher.core.EngineExecutionOrchestrator.execute(EngineExecutionOrchestrator.java:108)
        at org.junit.platform.launcher.core.EngineExecutionOrchestrator.execute(EngineExecutionOrchestrator.java:88)
        at org.junit.platform.launcher.core.EngineExecutionOrchestrator.lambda$execute$0(EngineExecutionOrchestrator.java:54)
        at org.junit.platform.launcher.core.EngineExecutionOrchestrator.withInterceptedStreams(EngineExecutionOrchestrator.java:67)
        at org.junit.platform.launcher.core.EngineExecutionOrchestrator.execute(EngineExecutionOrchestrator.java:52)
        at org.junit.platform.launcher.core.DefaultLauncher.execute(DefaultLauncher.java:96)
        at org.junit.platform.launcher.core.DefaultLauncher.execute(DefaultLauncher.java:75)
        at org.gradle.api.internal.tasks.testing.junitplatform.JUnitPlatformTestClassProcessor$CollectAllTestClassesExecutor.processAllTestClasses(JUnitPlatformTestClassProcessor.java:99)
        at org.gradle.api.internal.tasks.testing.junitplatform.JUnitPlatformTestClassProcessor$CollectAllTestClassesExecutor.access$000(JUnitPlatformTestClassProcessor.java:79)
        at org.gradle.api.internal.tasks.testing.junitplatform.JUnitPlatformTestClassProcessor.stop(JUnitPlatformTestClassProcessor.java:75)
        at org.gradle.api.internal.tasks.testing.SuiteTestClassProcessor.stop(SuiteTestClassProcessor.java:61)
        at java.base/jdk.internal.reflect.NativeMethodAccessorImpl.invoke0(Native Method)
        at java.base/jdk.internal.reflect.NativeMethodAccessorImpl.invoke(NativeMethodAccessorImpl.java:64)
        at java.base/jdk.internal.reflect.DelegatingMethodAccessorImpl.invoke(DelegatingMethodAccessorImpl.java:43)
        at java.base/java.lang.reflect.Method.invoke(Method.java:564)
        at org.gradle.internal.dispatch.ReflectionDispatch.dispatch(ReflectionDispatch.java:36)
        at org.gradle.internal.dispatch.ReflectionDispatch.dispatch(ReflectionDispatch.java:24)
        at org.gradle.internal.dispatch.ContextClassLoaderDispatch.dispatch(ContextClassLoaderDispatch.java:33)
        at org.gradle.internal.dispatch.ProxyDispatchAdapter$DispatchingInvocationHandler.invoke(ProxyDispatchAdapter.java:94)
        at com.sun.proxy.$Proxy2.stop(Unknown Source)
        at org.gradle.api.internal.tasks.testing.worker.TestWorker.stop(TestWorker.java:135)
        at java.base/jdk.internal.reflect.NativeMethodAccessorImpl.invoke0(Native Method)
        at java.base/jdk.internal.reflect.NativeMethodAccessorImpl.invoke(NativeMethodAccessorImpl.java:64)
        at java.base/jdk.internal.reflect.DelegatingMethodAccessorImpl.invoke(DelegatingMethodAccessorImpl.java:43)
        at java.base/java.lang.reflect.Method.invoke(Method.java:564)
        at org.gradle.internal.dispatch.ReflectionDispatch.dispatch(ReflectionDispatch.java:36)
        at org.gradle.internal.dispatch.ReflectionDispatch.dispatch(ReflectionDispatch.java:24)
        at org.gradle.internal.remote.internal.hub.MessageHubBackedObjectConnection$DispatchWrapper.dispatch(MessageHubBackedObjectConnection.java:182)
        at org.gradle.internal.remote.internal.hub.MessageHubBackedObjectConnection$DispatchWrapper.dispatch(MessageHubBackedObjectConnection.java:164)
        at org.gradle.internal.remote.internal.hub.MessageHub$Handler.run(MessageHub.java:414)
        at org.gradle.internal.concurrent.ExecutorPolicy$CatchAndRecordFailures.onExecute(ExecutorPolicy.java:64)
        at org.gradle.internal.concurrent.ManagedExecutorImpl$1.run(ManagedExecutorImpl.java:48)
        at java.base/java.util.concurrent.ThreadPoolExecutor.runWorker(ThreadPoolExecutor.java:1130)
        at java.base/java.util.concurrent.ThreadPoolExecutor$Worker.run(ThreadPoolExecutor.java:630)
        at org.gradle.internal.concurrent.ThreadFactoryImpl$ManagedThreadRunnable.run(ThreadFactoryImpl.java:56)
        at java.base/java.lang.Thread.run(Thread.java:832)
        at .==Second==()
        at dungeonmania.controllerTest.Utils.newGame(Utils.java:39)
        at dungeonmania.controllerTest.TimeTravelTest.testTimeTravellingPortal(TimeTravelTest.java:160)
FAILURE
DONE
Test 22-6

TimeTravelTest > 22-6 Test non player moving entities cannot move through time travel portal FAILED
    java.lang.RuntimeException: Failed to create a new game due to multiple exceptions.  Will report both exceptions after each other (the stack traces will occur after one and another).  The first exception was with lowercase gamemode and second was with upper camel case gamemode (i.e. standard)
    ==First==
    IllegalArgumentException: null
    ==Second==
    RuntimeException: null
        at dungeonmania.DungeonManiaController.newGame(DungeonManiaController.java:67)
        at dungeonmania.controllerTest.Utils.newGame(Utils.java:30)
        at dungeonmania.controllerTest.TimeTravelTest.testTimeTravellingPortalNotPlayer(TimeTravelTest.java:206)
        at java.base/jdk.internal.reflect.NativeMethodAccessorImpl.invoke0(Native Method)
        at java.base/jdk.internal.reflect.NativeMethodAccessorImpl.invoke(NativeMethodAccessorImpl.java:64)
        at java.base/jdk.internal.reflect.DelegatingMethodAccessorImpl.invoke(DelegatingMethodAccessorImpl.java:43)
        at java.base/java.lang.reflect.Method.invoke(Method.java:564)
        at org.junit.platform.commons.util.ReflectionUtils.invokeMethod(ReflectionUtils.java:725)
        at org.junit.jupiter.engine.execution.MethodInvocation.proceed(MethodInvocation.java:60)
        at org.junit.jupiter.engine.execution.InvocationInterceptorChain$ValidatingInvocation.proceed(InvocationInterceptorChain.java:131)
        at org.junit.jupiter.engine.extension.TimeoutExtension.intercept(TimeoutExtension.java:149)
        at org.junit.jupiter.engine.extension.TimeoutExtension.interceptTestableMethod(TimeoutExtension.java:140)
        at org.junit.jupiter.engine.extension.TimeoutExtension.interceptTestMethod(TimeoutExtension.java:84)
        at org.junit.jupiter.engine.execution.ExecutableInvoker$ReflectiveInterceptorCall.lambda$ofVoidMethod$0(ExecutableInvoker.java:115)
        at org.junit.jupiter.engine.execution.ExecutableInvoker.lambda$invoke$0(ExecutableInvoker.java:105)
        at org.junit.jupiter.engine.execution.InvocationInterceptorChain$InterceptedInvocation.proceed(InvocationInterceptorChain.java:106)
        at org.junit.jupiter.engine.execution.InvocationInterceptorChain.proceed(InvocationInterceptorChain.java:64)
        at org.junit.jupiter.engine.execution.InvocationInterceptorChain.chainAndInvoke(InvocationInterceptorChain.java:45)
        at org.junit.jupiter.engine.execution.InvocationInterceptorChain.invoke(InvocationInterceptorChain.java:37)
        at org.junit.jupiter.engine.execution.ExecutableInvoker.invoke(ExecutableInvoker.java:104)
        at org.junit.jupiter.engine.execution.ExecutableInvoker.invoke(ExecutableInvoker.java:98)
        at org.junit.jupiter.engine.descriptor.TestMethodTestDescriptor.lambda$invokeTestMethod$7(TestMethodTestDescriptor.java:214)
        at org.junit.platform.engine.support.hierarchical.ThrowableCollector.execute(ThrowableCollector.java:73)
        at org.junit.jupiter.engine.descriptor.TestMethodTestDescriptor.invokeTestMethod(TestMethodTestDescriptor.java:210)
        at org.junit.jupiter.engine.descriptor.TestMethodTestDescriptor.execute(TestMethodTestDescriptor.java:135)
        at org.junit.jupiter.engine.descriptor.TestMethodTestDescriptor.execute(TestMethodTestDescriptor.java:66)
        at org.junit.platform.engine.support.hierarchical.NodeTestTask.lambda$executeRecursively$6(NodeTestTask.java:151)
        at org.junit.platform.engine.support.hierarchical.ThrowableCollector.execute(ThrowableCollector.java:73)
        at org.junit.platform.engine.support.hierarchical.NodeTestTask.lambda$executeRecursively$8(NodeTestTask.java:141)
        at org.junit.platform.engine.support.hierarchical.Node.around(Node.java:137)
        at org.junit.platform.engine.support.hierarchical.NodeTestTask.lambda$executeRecursively$9(NodeTestTask.java:139)
        at org.junit.platform.engine.support.hierarchical.ThrowableCollector.execute(ThrowableCollector.java:73)
        at org.junit.platform.engine.support.hierarchical.NodeTestTask.executeRecursively(NodeTestTask.java:138)
        at org.junit.platform.engine.support.hierarchical.NodeTestTask.execute(NodeTestTask.java:95)
        at java.base/java.util.ArrayList.forEach(ArrayList.java:1511)
        at org.junit.platform.engine.support.hierarchical.SameThreadHierarchicalTestExecutorService.invokeAll(SameThreadHierarchicalTestExecutorService.java:41)
        at org.junit.platform.engine.support.hierarchical.NodeTestTask.lambda$executeRecursively$6(NodeTestTask.java:155)
        at org.junit.platform.engine.support.hierarchical.ThrowableCollector.execute(ThrowableCollector.java:73)
        at org.junit.platform.engine.support.hierarchical.NodeTestTask.lambda$executeRecursively$8(NodeTestTask.java:141)
        at org.junit.platform.engine.support.hierarchical.Node.around(Node.java:137)
        at org.junit.platform.engine.support.hierarchical.NodeTestTask.lambda$executeRecursively$9(NodeTestTask.java:139)
        at org.junit.platform.engine.support.hierarchical.ThrowableCollector.execute(ThrowableCollector.java:73)
        at org.junit.platform.engine.support.hierarchical.NodeTestTask.executeRecursively(NodeTestTask.java:138)
        at org.junit.platform.engine.support.hierarchical.NodeTestTask.execute(NodeTestTask.java:95)
        at java.base/java.util.ArrayList.forEach(ArrayList.java:1511)
        at org.junit.platform.engine.support.hierarchical.SameThreadHierarchicalTestExecutorService.invokeAll(SameThreadHierarchicalTestExecutorService.java:41)
        at org.junit.platform.engine.support.hierarchical.NodeTestTask.lambda$executeRecursively$6(NodeTestTask.java:155)
        at org.junit.platform.engine.support.hierarchical.ThrowableCollector.execute(ThrowableCollector.java:73)
        at org.junit.platform.engine.support.hierarchical.NodeTestTask.lambda$executeRecursively$8(NodeTestTask.java:141)
        at org.junit.platform.engine.support.hierarchical.Node.around(Node.java:137)
        at org.junit.platform.engine.support.hierarchical.NodeTestTask.lambda$executeRecursively$9(NodeTestTask.java:139)
        at org.junit.platform.engine.support.hierarchical.ThrowableCollector.execute(ThrowableCollector.java:73)
        at org.junit.platform.engine.support.hierarchical.NodeTestTask.executeRecursively(NodeTestTask.java:138)
        at org.junit.platform.engine.support.hierarchical.NodeTestTask.execute(NodeTestTask.java:95)
        at org.junit.platform.engine.support.hierarchical.SameThreadHierarchicalTestExecutorService.submit(SameThreadHierarchicalTestExecutorService.java:35)
        at org.junit.platform.engine.support.hierarchical.HierarchicalTestExecutor.execute(HierarchicalTestExecutor.java:57)
        at org.junit.platform.engine.support.hierarchical.HierarchicalTestEngine.execute(HierarchicalTestEngine.java:54)
        at org.junit.platform.launcher.core.EngineExecutionOrchestrator.execute(EngineExecutionOrchestrator.java:108)
        at org.junit.platform.launcher.core.EngineExecutionOrchestrator.execute(EngineExecutionOrchestrator.java:88)
        at org.junit.platform.launcher.core.EngineExecutionOrchestrator.lambda$execute$0(EngineExecutionOrchestrator.java:54)
        at org.junit.platform.launcher.core.EngineExecutionOrchestrator.withInterceptedStreams(EngineExecutionOrchestrator.java:67)
        at org.junit.platform.launcher.core.EngineExecutionOrchestrator.execute(EngineExecutionOrchestrator.java:52)
        at org.junit.platform.launcher.core.DefaultLauncher.execute(DefaultLauncher.java:96)
        at org.junit.platform.launcher.core.DefaultLauncher.execute(DefaultLauncher.java:75)
        at org.gradle.api.internal.tasks.testing.junitplatform.JUnitPlatformTestClassProcessor$CollectAllTestClassesExecutor.processAllTestClasses(JUnitPlatformTestClassProcessor.java:99)
        at org.gradle.api.internal.tasks.testing.junitplatform.JUnitPlatformTestClassProcessor$CollectAllTestClassesExecutor.access$000(JUnitPlatformTestClassProcessor.java:79)
        at org.gradle.api.internal.tasks.testing.junitplatform.JUnitPlatformTestClassProcessor.stop(JUnitPlatformTestClassProcessor.java:75)
        at org.gradle.api.internal.tasks.testing.SuiteTestClassProcessor.stop(SuiteTestClassProcessor.java:61)
        at java.base/jdk.internal.reflect.NativeMethodAccessorImpl.invoke0(Native Method)
        at java.base/jdk.internal.reflect.NativeMethodAccessorImpl.invoke(NativeMethodAccessorImpl.java:64)
        at java.base/jdk.internal.reflect.DelegatingMethodAccessorImpl.invoke(DelegatingMethodAccessorImpl.java:43)
        at java.base/java.lang.reflect.Method.invoke(Method.java:564)
        at org.gradle.internal.dispatch.ReflectionDispatch.dispatch(ReflectionDispatch.java:36)
        at org.gradle.internal.dispatch.ReflectionDispatch.dispatch(ReflectionDispatch.java:24)
        at org.gradle.internal.dispatch.ContextClassLoaderDispatch.dispatch(ContextClassLoaderDispatch.java:33)
        at org.gradle.internal.dispatch.ProxyDispatchAdapter$DispatchingInvocationHandler.invoke(ProxyDispatchAdapter.java:94)
        at com.sun.proxy.$Proxy2.stop(Unknown Source)
        at org.gradle.api.internal.tasks.testing.worker.TestWorker.stop(TestWorker.java:135)
        at java.base/jdk.internal.reflect.NativeMethodAccessorImpl.invoke0(Native Method)
        at java.base/jdk.internal.reflect.NativeMethodAccessorImpl.invoke(NativeMethodAccessorImpl.java:64)
        at java.base/jdk.internal.reflect.DelegatingMethodAccessorImpl.invoke(DelegatingMethodAccessorImpl.java:43)
        at java.base/java.lang.reflect.Method.invoke(Method.java:564)
        at org.gradle.internal.dispatch.ReflectionDispatch.dispatch(ReflectionDispatch.java:36)
        at org.gradle.internal.dispatch.ReflectionDispatch.dispatch(ReflectionDispatch.java:24)
        at org.gradle.internal.remote.internal.hub.MessageHubBackedObjectConnection$DispatchWrapper.dispatch(MessageHubBackedObjectConnection.java:182)
        at org.gradle.internal.remote.internal.hub.MessageHubBackedObjectConnection$DispatchWrapper.dispatch(MessageHubBackedObjectConnection.java:164)
        at org.gradle.internal.remote.internal.hub.MessageHub$Handler.run(MessageHub.java:414)
        at org.gradle.internal.concurrent.ExecutorPolicy$CatchAndRecordFailures.onExecute(ExecutorPolicy.java:64)
        at org.gradle.internal.concurrent.ManagedExecutorImpl$1.run(ManagedExecutorImpl.java:48)
        at java.base/java.util.concurrent.ThreadPoolExecutor.runWorker(ThreadPoolExecutor.java:1130)
        at java.base/java.util.concurrent.ThreadPoolExecutor$Worker.run(ThreadPoolExecutor.java:630)
        at org.gradle.internal.concurrent.ThreadFactoryImpl$ManagedThreadRunnable.run(ThreadFactoryImpl.java:56)
        at java.base/java.lang.Thread.run(Thread.java:832)
        at .==Second==()
        at dungeonmania.controllerTest.Utils.newGame(Utils.java:39)
        at dungeonmania.controllerTest.TimeTravelTest.testTimeTravellingPortalNotPlayer(TimeTravelTest.java:206)
FAILURE
DONE
Test 22-7

TimeTravelTest > 22-7 Test older self is present when time travelling through portal FAILED
    java.lang.RuntimeException: Failed to create a new game due to multiple exceptions.  Will report both exceptions after each other (the stack traces will occur after one and another).  The first exception was with lowercase gamemode and second was with upper camel case gamemode (i.e. standard)
    ==First==
    IllegalArgumentException: null
    ==Second==
    RuntimeException: null
        at dungeonmania.DungeonManiaController.newGame(DungeonManiaController.java:67)
        at dungeonmania.controllerTest.Utils.newGame(Utils.java:30)
        at dungeonmania.controllerTest.TimeTravelTest.testOlderSelfTimeTravellingPortal(TimeTravelTest.java:226)
        at java.base/jdk.internal.reflect.NativeMethodAccessorImpl.invoke0(Native Method)
        at java.base/jdk.internal.reflect.NativeMethodAccessorImpl.invoke(NativeMethodAccessorImpl.java:64)
        at java.base/jdk.internal.reflect.DelegatingMethodAccessorImpl.invoke(DelegatingMethodAccessorImpl.java:43)
        at java.base/java.lang.reflect.Method.invoke(Method.java:564)
        at org.junit.platform.commons.util.ReflectionUtils.invokeMethod(ReflectionUtils.java:725)
        at org.junit.jupiter.engine.execution.MethodInvocation.proceed(MethodInvocation.java:60)
        at org.junit.jupiter.engine.execution.InvocationInterceptorChain$ValidatingInvocation.proceed(InvocationInterceptorChain.java:131)
        at org.junit.jupiter.engine.extension.TimeoutExtension.intercept(TimeoutExtension.java:149)
        at org.junit.jupiter.engine.extension.TimeoutExtension.interceptTestableMethod(TimeoutExtension.java:140)
        at org.junit.jupiter.engine.extension.TimeoutExtension.interceptTestMethod(TimeoutExtension.java:84)
        at org.junit.jupiter.engine.execution.ExecutableInvoker$ReflectiveInterceptorCall.lambda$ofVoidMethod$0(ExecutableInvoker.java:115)
        at org.junit.jupiter.engine.execution.ExecutableInvoker.lambda$invoke$0(ExecutableInvoker.java:105)
        at org.junit.jupiter.engine.execution.InvocationInterceptorChain$InterceptedInvocation.proceed(InvocationInterceptorChain.java:106)
        at org.junit.jupiter.engine.execution.InvocationInterceptorChain.proceed(InvocationInterceptorChain.java:64)
        at org.junit.jupiter.engine.execution.InvocationInterceptorChain.chainAndInvoke(InvocationInterceptorChain.java:45)
        at org.junit.jupiter.engine.execution.InvocationInterceptorChain.invoke(InvocationInterceptorChain.java:37)
        at org.junit.jupiter.engine.execution.ExecutableInvoker.invoke(ExecutableInvoker.java:104)
        at org.junit.jupiter.engine.execution.ExecutableInvoker.invoke(ExecutableInvoker.java:98)
        at org.junit.jupiter.engine.descriptor.TestMethodTestDescriptor.lambda$invokeTestMethod$7(TestMethodTestDescriptor.java:214)
        at org.junit.platform.engine.support.hierarchical.ThrowableCollector.execute(ThrowableCollector.java:73)
        at org.junit.jupiter.engine.descriptor.TestMethodTestDescriptor.invokeTestMethod(TestMethodTestDescriptor.java:210)
        at org.junit.jupiter.engine.descriptor.TestMethodTestDescriptor.execute(TestMethodTestDescriptor.java:135)
        at org.junit.jupiter.engine.descriptor.TestMethodTestDescriptor.execute(TestMethodTestDescriptor.java:66)
        at org.junit.platform.engine.support.hierarchical.NodeTestTask.lambda$executeRecursively$6(NodeTestTask.java:151)
        at org.junit.platform.engine.support.hierarchical.ThrowableCollector.execute(ThrowableCollector.java:73)
        at org.junit.platform.engine.support.hierarchical.NodeTestTask.lambda$executeRecursively$8(NodeTestTask.java:141)
        at org.junit.platform.engine.support.hierarchical.Node.around(Node.java:137)
        at org.junit.platform.engine.support.hierarchical.NodeTestTask.lambda$executeRecursively$9(NodeTestTask.java:139)
        at org.junit.platform.engine.support.hierarchical.ThrowableCollector.execute(ThrowableCollector.java:73)
        at org.junit.platform.engine.support.hierarchical.NodeTestTask.executeRecursively(NodeTestTask.java:138)
        at org.junit.platform.engine.support.hierarchical.NodeTestTask.execute(NodeTestTask.java:95)
        at java.base/java.util.ArrayList.forEach(ArrayList.java:1511)
        at org.junit.platform.engine.support.hierarchical.SameThreadHierarchicalTestExecutorService.invokeAll(SameThreadHierarchicalTestExecutorService.java:41)
        at org.junit.platform.engine.support.hierarchical.NodeTestTask.lambda$executeRecursively$6(NodeTestTask.java:155)
        at org.junit.platform.engine.support.hierarchical.ThrowableCollector.execute(ThrowableCollector.java:73)
        at org.junit.platform.engine.support.hierarchical.NodeTestTask.lambda$executeRecursively$8(NodeTestTask.java:141)
        at org.junit.platform.engine.support.hierarchical.Node.around(Node.java:137)
        at org.junit.platform.engine.support.hierarchical.NodeTestTask.lambda$executeRecursively$9(NodeTestTask.java:139)
        at org.junit.platform.engine.support.hierarchical.ThrowableCollector.execute(ThrowableCollector.java:73)
        at org.junit.platform.engine.support.hierarchical.NodeTestTask.executeRecursively(NodeTestTask.java:138)
        at org.junit.platform.engine.support.hierarchical.NodeTestTask.execute(NodeTestTask.java:95)
        at java.base/java.util.ArrayList.forEach(ArrayList.java:1511)
        at org.junit.platform.engine.support.hierarchical.SameThreadHierarchicalTestExecutorService.invokeAll(SameThreadHierarchicalTestExecutorService.java:41)
        at org.junit.platform.engine.support.hierarchical.NodeTestTask.lambda$executeRecursively$6(NodeTestTask.java:155)
        at org.junit.platform.engine.support.hierarchical.ThrowableCollector.execute(ThrowableCollector.java:73)
        at org.junit.platform.engine.support.hierarchical.NodeTestTask.lambda$executeRecursively$8(NodeTestTask.java:141)
        at org.junit.platform.engine.support.hierarchical.Node.around(Node.java:137)
        at org.junit.platform.engine.support.hierarchical.NodeTestTask.lambda$executeRecursively$9(NodeTestTask.java:139)
        at org.junit.platform.engine.support.hierarchical.ThrowableCollector.execute(ThrowableCollector.java:73)
        at org.junit.platform.engine.support.hierarchical.NodeTestTask.executeRecursively(NodeTestTask.java:138)
        at org.junit.platform.engine.support.hierarchical.NodeTestTask.execute(NodeTestTask.java:95)
        at org.junit.platform.engine.support.hierarchical.SameThreadHierarchicalTestExecutorService.submit(SameThreadHierarchicalTestExecutorService.java:35)
        at org.junit.platform.engine.support.hierarchical.HierarchicalTestExecutor.execute(HierarchicalTestExecutor.java:57)
        at org.junit.platform.engine.support.hierarchical.HierarchicalTestEngine.execute(HierarchicalTestEngine.java:54)
        at org.junit.platform.launcher.core.EngineExecutionOrchestrator.execute(EngineExecutionOrchestrator.java:108)
        at org.junit.platform.launcher.core.EngineExecutionOrchestrator.execute(EngineExecutionOrchestrator.java:88)
        at org.junit.platform.launcher.core.EngineExecutionOrchestrator.lambda$execute$0(EngineExecutionOrchestrator.java:54)
        at org.junit.platform.launcher.core.EngineExecutionOrchestrator.withInterceptedStreams(EngineExecutionOrchestrator.java:67)
        at org.junit.platform.launcher.core.EngineExecutionOrchestrator.execute(EngineExecutionOrchestrator.java:52)
        at org.junit.platform.launcher.core.DefaultLauncher.execute(DefaultLauncher.java:96)
        at org.junit.platform.launcher.core.DefaultLauncher.execute(DefaultLauncher.java:75)
        at org.gradle.api.internal.tasks.testing.junitplatform.JUnitPlatformTestClassProcessor$CollectAllTestClassesExecutor.processAllTestClasses(JUnitPlatformTestClassProcessor.java:99)
        at org.gradle.api.internal.tasks.testing.junitplatform.JUnitPlatformTestClassProcessor$CollectAllTestClassesExecutor.access$000(JUnitPlatformTestClassProcessor.java:79)
        at org.gradle.api.internal.tasks.testing.junitplatform.JUnitPlatformTestClassProcessor.stop(JUnitPlatformTestClassProcessor.java:75)
        at org.gradle.api.internal.tasks.testing.SuiteTestClassProcessor.stop(SuiteTestClassProcessor.java:61)
        at java.base/jdk.internal.reflect.NativeMethodAccessorImpl.invoke0(Native Method)
        at java.base/jdk.internal.reflect.NativeMethodAccessorImpl.invoke(NativeMethodAccessorImpl.java:64)
        at java.base/jdk.internal.reflect.DelegatingMethodAccessorImpl.invoke(DelegatingMethodAccessorImpl.java:43)
        at java.base/java.lang.reflect.Method.invoke(Method.java:564)
        at org.gradle.internal.dispatch.ReflectionDispatch.dispatch(ReflectionDispatch.java:36)
        at org.gradle.internal.dispatch.ReflectionDispatch.dispatch(ReflectionDispatch.java:24)
        at org.gradle.internal.dispatch.ContextClassLoaderDispatch.dispatch(ContextClassLoaderDispatch.java:33)
        at org.gradle.internal.dispatch.ProxyDispatchAdapter$DispatchingInvocationHandler.invoke(ProxyDispatchAdapter.java:94)
        at com.sun.proxy.$Proxy2.stop(Unknown Source)
        at org.gradle.api.internal.tasks.testing.worker.TestWorker.stop(TestWorker.java:135)
        at java.base/jdk.internal.reflect.NativeMethodAccessorImpl.invoke0(Native Method)
        at java.base/jdk.internal.reflect.NativeMethodAccessorImpl.invoke(NativeMethodAccessorImpl.java:64)
        at java.base/jdk.internal.reflect.DelegatingMethodAccessorImpl.invoke(DelegatingMethodAccessorImpl.java:43)
        at java.base/java.lang.reflect.Method.invoke(Method.java:564)
        at org.gradle.internal.dispatch.ReflectionDispatch.dispatch(ReflectionDispatch.java:36)
        at org.gradle.internal.dispatch.ReflectionDispatch.dispatch(ReflectionDispatch.java:24)
        at org.gradle.internal.remote.internal.hub.MessageHubBackedObjectConnection$DispatchWrapper.dispatch(MessageHubBackedObjectConnection.java:182)
        at org.gradle.internal.remote.internal.hub.MessageHubBackedObjectConnection$DispatchWrapper.dispatch(MessageHubBackedObjectConnection.java:164)
        at org.gradle.internal.remote.internal.hub.MessageHub$Handler.run(MessageHub.java:414)
        at org.gradle.internal.concurrent.ExecutorPolicy$CatchAndRecordFailures.onExecute(ExecutorPolicy.java:64)
        at org.gradle.internal.concurrent.ManagedExecutorImpl$1.run(ManagedExecutorImpl.java:48)
        at java.base/java.util.concurrent.ThreadPoolExecutor.runWorker(ThreadPoolExecutor.java:1130)
        at java.base/java.util.concurrent.ThreadPoolExecutor$Worker.run(ThreadPoolExecutor.java:630)
        at org.gradle.internal.concurrent.ThreadFactoryImpl$ManagedThreadRunnable.run(ThreadFactoryImpl.java:56)
        at java.base/java.lang.Thread.run(Thread.java:832)
        at .==Second==()
        at dungeonmania.controllerTest.Utils.newGame(Utils.java:39)
        at dungeonmania.controllerTest.TimeTravelTest.testOlderSelfTimeTravellingPortal(TimeTravelTest.java:226)
FAILURE
DONE
Test 24-1
SUCCESS
DONE
Test 24-2

LogicGatesTest > 24-2 Test turning on a light bulb FAILED
    org.opentest4j.AssertionFailedError: expected: <0> but was: <1>
        at org.junit.jupiter.api.AssertionUtils.fail(AssertionUtils.java:55)
        at org.junit.jupiter.api.AssertionUtils.failNotEqual(AssertionUtils.java:62)
        at org.junit.jupiter.api.AssertEquals.assertEquals(AssertEquals.java:150)
        at org.junit.jupiter.api.AssertEquals.assertEquals(AssertEquals.java:145)
        at org.junit.jupiter.api.Assertions.assertEquals(Assertions.java:527)
        at dungeonmania.controllerTest.LogicGatesTest.TurnOnLightBulb(LogicGatesTest.java:60)
FAILURE
DONE
Test 24-3

LogicGatesTest > 24-3 Test activating a wire and exploding a bomb FAILED
    org.opentest4j.AssertionFailedError: expected: <0> but was: <1>
        at org.junit.jupiter.api.AssertionUtils.fail(AssertionUtils.java:55)
        at org.junit.jupiter.api.AssertionUtils.failNotEqual(AssertionUtils.java:62)
        at org.junit.jupiter.api.AssertEquals.assertEquals(AssertEquals.java:150)
        at org.junit.jupiter.api.AssertEquals.assertEquals(AssertEquals.java:145)
        at org.junit.jupiter.api.Assertions.assertEquals(Assertions.java:527)
        at dungeonmania.controllerTest.LogicGatesTest.ActivateWireAndExplodeBomb(LogicGatesTest.java:96)
FAILURE
DONE
Test 24-4

LogicGatesTest > 24-4 Test complex logic switches light bulb And FAILED
    org.opentest4j.AssertionFailedError: expected: <0> but was: <1>
        at org.junit.jupiter.api.AssertionUtils.fail(AssertionUtils.java:55)
        at org.junit.jupiter.api.AssertionUtils.failNotEqual(AssertionUtils.java:62)
        at org.junit.jupiter.api.AssertEquals.assertEquals(AssertEquals.java:150)
        at org.junit.jupiter.api.AssertEquals.assertEquals(AssertEquals.java:145)
        at org.junit.jupiter.api.Assertions.assertEquals(Assertions.java:527)
        at dungeonmania.controllerTest.LogicGatesTest.ComplexLogicSwitchesLightBulbAnd(LogicGatesTest.java:135)
FAILURE
DONE
Test 24-5

LogicGatesTest > 24-5 Test complex logic switches light bulb Xor FAILED
    org.opentest4j.AssertionFailedError: expected: <0> but was: <1>
        at org.junit.jupiter.api.AssertionUtils.fail(AssertionUtils.java:55)
        at org.junit.jupiter.api.AssertionUtils.failNotEqual(AssertionUtils.java:62)
        at org.junit.jupiter.api.AssertEquals.assertEquals(AssertEquals.java:150)
        at org.junit.jupiter.api.AssertEquals.assertEquals(AssertEquals.java:145)
        at org.junit.jupiter.api.Assertions.assertEquals(Assertions.java:527)
        at dungeonmania.controllerTest.LogicGatesTest.ComplexLogicSwitchesLightBulbXor(LogicGatesTest.java:157)
FAILURE
DONE
Test 24-6

LogicGatesTest > 24-6 Test activate switch door FAILED
    java.lang.RuntimeException: Failed to create a new game due to multiple exceptions.  Will report both exceptions after each other (the stack traces will occur after one and another).  The first exception was with lowercase gamemode and second was with upper camel case gamemode (i.e. standard)
    ==First==
    IllegalArgumentException: null
    ==Second==
    RuntimeException: null
        at dungeonmania.DungeonManiaController.newGame(DungeonManiaController.java:67)
        at dungeonmania.controllerTest.Utils.newGame(Utils.java:30)
        at dungeonmania.controllerTest.LogicGatesTest.SwitchDoor(LogicGatesTest.java:184)
        at java.base/jdk.internal.reflect.NativeMethodAccessorImpl.invoke0(Native Method)
        at java.base/jdk.internal.reflect.NativeMethodAccessorImpl.invoke(NativeMethodAccessorImpl.java:64)
        at java.base/jdk.internal.reflect.DelegatingMethodAccessorImpl.invoke(DelegatingMethodAccessorImpl.java:43)
        at java.base/java.lang.reflect.Method.invoke(Method.java:564)
        at org.junit.platform.commons.util.ReflectionUtils.invokeMethod(ReflectionUtils.java:725)
        at org.junit.jupiter.engine.execution.MethodInvocation.proceed(MethodInvocation.java:60)
        at org.junit.jupiter.engine.execution.InvocationInterceptorChain$ValidatingInvocation.proceed(InvocationInterceptorChain.java:131)
        at org.junit.jupiter.engine.extension.TimeoutExtension.intercept(TimeoutExtension.java:149)
        at org.junit.jupiter.engine.extension.TimeoutExtension.interceptTestableMethod(TimeoutExtension.java:140)
        at org.junit.jupiter.engine.extension.TimeoutExtension.interceptTestMethod(TimeoutExtension.java:84)
        at org.junit.jupiter.engine.execution.ExecutableInvoker$ReflectiveInterceptorCall.lambda$ofVoidMethod$0(ExecutableInvoker.java:115)
        at org.junit.jupiter.engine.execution.ExecutableInvoker.lambda$invoke$0(ExecutableInvoker.java:105)
        at org.junit.jupiter.engine.execution.InvocationInterceptorChain$InterceptedInvocation.proceed(InvocationInterceptorChain.java:106)
        at org.junit.jupiter.engine.execution.InvocationInterceptorChain.proceed(InvocationInterceptorChain.java:64)
        at org.junit.jupiter.engine.execution.InvocationInterceptorChain.chainAndInvoke(InvocationInterceptorChain.java:45)
        at org.junit.jupiter.engine.execution.InvocationInterceptorChain.invoke(InvocationInterceptorChain.java:37)
        at org.junit.jupiter.engine.execution.ExecutableInvoker.invoke(ExecutableInvoker.java:104)
        at org.junit.jupiter.engine.execution.ExecutableInvoker.invoke(ExecutableInvoker.java:98)
        at org.junit.jupiter.engine.descriptor.TestMethodTestDescriptor.lambda$invokeTestMethod$7(TestMethodTestDescriptor.java:214)
        at org.junit.platform.engine.support.hierarchical.ThrowableCollector.execute(ThrowableCollector.java:73)
        at org.junit.jupiter.engine.descriptor.TestMethodTestDescriptor.invokeTestMethod(TestMethodTestDescriptor.java:210)
        at org.junit.jupiter.engine.descriptor.TestMethodTestDescriptor.execute(TestMethodTestDescriptor.java:135)
        at org.junit.jupiter.engine.descriptor.TestMethodTestDescriptor.execute(TestMethodTestDescriptor.java:66)
        at org.junit.platform.engine.support.hierarchical.NodeTestTask.lambda$executeRecursively$6(NodeTestTask.java:151)
        at org.junit.platform.engine.support.hierarchical.ThrowableCollector.execute(ThrowableCollector.java:73)
        at org.junit.platform.engine.support.hierarchical.NodeTestTask.lambda$executeRecursively$8(NodeTestTask.java:141)
        at org.junit.platform.engine.support.hierarchical.Node.around(Node.java:137)
        at org.junit.platform.engine.support.hierarchical.NodeTestTask.lambda$executeRecursively$9(NodeTestTask.java:139)
        at org.junit.platform.engine.support.hierarchical.ThrowableCollector.execute(ThrowableCollector.java:73)
        at org.junit.platform.engine.support.hierarchical.NodeTestTask.executeRecursively(NodeTestTask.java:138)
        at org.junit.platform.engine.support.hierarchical.NodeTestTask.execute(NodeTestTask.java:95)
        at java.base/java.util.ArrayList.forEach(ArrayList.java:1511)
        at org.junit.platform.engine.support.hierarchical.SameThreadHierarchicalTestExecutorService.invokeAll(SameThreadHierarchicalTestExecutorService.java:41)
        at org.junit.platform.engine.support.hierarchical.NodeTestTask.lambda$executeRecursively$6(NodeTestTask.java:155)
        at org.junit.platform.engine.support.hierarchical.ThrowableCollector.execute(ThrowableCollector.java:73)
        at org.junit.platform.engine.support.hierarchical.NodeTestTask.lambda$executeRecursively$8(NodeTestTask.java:141)
        at org.junit.platform.engine.support.hierarchical.Node.around(Node.java:137)
        at org.junit.platform.engine.support.hierarchical.NodeTestTask.lambda$executeRecursively$9(NodeTestTask.java:139)
        at org.junit.platform.engine.support.hierarchical.ThrowableCollector.execute(ThrowableCollector.java:73)
        at org.junit.platform.engine.support.hierarchical.NodeTestTask.executeRecursively(NodeTestTask.java:138)
        at org.junit.platform.engine.support.hierarchical.NodeTestTask.execute(NodeTestTask.java:95)
        at java.base/java.util.ArrayList.forEach(ArrayList.java:1511)
        at org.junit.platform.engine.support.hierarchical.SameThreadHierarchicalTestExecutorService.invokeAll(SameThreadHierarchicalTestExecutorService.java:41)
        at org.junit.platform.engine.support.hierarchical.NodeTestTask.lambda$executeRecursively$6(NodeTestTask.java:155)
        at org.junit.platform.engine.support.hierarchical.ThrowableCollector.execute(ThrowableCollector.java:73)
        at org.junit.platform.engine.support.hierarchical.NodeTestTask.lambda$executeRecursively$8(NodeTestTask.java:141)
        at org.junit.platform.engine.support.hierarchical.Node.around(Node.java:137)
        at org.junit.platform.engine.support.hierarchical.NodeTestTask.lambda$executeRecursively$9(NodeTestTask.java:139)
        at org.junit.platform.engine.support.hierarchical.ThrowableCollector.execute(ThrowableCollector.java:73)
        at org.junit.platform.engine.support.hierarchical.NodeTestTask.executeRecursively(NodeTestTask.java:138)
        at org.junit.platform.engine.support.hierarchical.NodeTestTask.execute(NodeTestTask.java:95)
        at org.junit.platform.engine.support.hierarchical.SameThreadHierarchicalTestExecutorService.submit(SameThreadHierarchicalTestExecutorService.java:35)
        at org.junit.platform.engine.support.hierarchical.HierarchicalTestExecutor.execute(HierarchicalTestExecutor.java:57)
        at org.junit.platform.engine.support.hierarchical.HierarchicalTestEngine.execute(HierarchicalTestEngine.java:54)
        at org.junit.platform.launcher.core.EngineExecutionOrchestrator.execute(EngineExecutionOrchestrator.java:108)
        at org.junit.platform.launcher.core.EngineExecutionOrchestrator.execute(EngineExecutionOrchestrator.java:88)
        at org.junit.platform.launcher.core.EngineExecutionOrchestrator.lambda$execute$0(EngineExecutionOrchestrator.java:54)
        at org.junit.platform.launcher.core.EngineExecutionOrchestrator.withInterceptedStreams(EngineExecutionOrchestrator.java:67)
        at org.junit.platform.launcher.core.EngineExecutionOrchestrator.execute(EngineExecutionOrchestrator.java:52)
        at org.junit.platform.launcher.core.DefaultLauncher.execute(DefaultLauncher.java:96)
        at org.junit.platform.launcher.core.DefaultLauncher.execute(DefaultLauncher.java:75)
        at org.gradle.api.internal.tasks.testing.junitplatform.JUnitPlatformTestClassProcessor$CollectAllTestClassesExecutor.processAllTestClasses(JUnitPlatformTestClassProcessor.java:99)
        at org.gradle.api.internal.tasks.testing.junitplatform.JUnitPlatformTestClassProcessor$CollectAllTestClassesExecutor.access$000(JUnitPlatformTestClassProcessor.java:79)
        at org.gradle.api.internal.tasks.testing.junitplatform.JUnitPlatformTestClassProcessor.stop(JUnitPlatformTestClassProcessor.java:75)
        at org.gradle.api.internal.tasks.testing.SuiteTestClassProcessor.stop(SuiteTestClassProcessor.java:61)
        at java.base/jdk.internal.reflect.NativeMethodAccessorImpl.invoke0(Native Method)
        at java.base/jdk.internal.reflect.NativeMethodAccessorImpl.invoke(NativeMethodAccessorImpl.java:64)
        at java.base/jdk.internal.reflect.DelegatingMethodAccessorImpl.invoke(DelegatingMethodAccessorImpl.java:43)
        at java.base/java.lang.reflect.Method.invoke(Method.java:564)
        at org.gradle.internal.dispatch.ReflectionDispatch.dispatch(ReflectionDispatch.java:36)
        at org.gradle.internal.dispatch.ReflectionDispatch.dispatch(ReflectionDispatch.java:24)
        at org.gradle.internal.dispatch.ContextClassLoaderDispatch.dispatch(ContextClassLoaderDispatch.java:33)
        at org.gradle.internal.dispatch.ProxyDispatchAdapter$DispatchingInvocationHandler.invoke(ProxyDispatchAdapter.java:94)
        at com.sun.proxy.$Proxy2.stop(Unknown Source)
        at org.gradle.api.internal.tasks.testing.worker.TestWorker.stop(TestWorker.java:135)
        at java.base/jdk.internal.reflect.NativeMethodAccessorImpl.invoke0(Native Method)
        at java.base/jdk.internal.reflect.NativeMethodAccessorImpl.invoke(NativeMethodAccessorImpl.java:64)
        at java.base/jdk.internal.reflect.DelegatingMethodAccessorImpl.invoke(DelegatingMethodAccessorImpl.java:43)
        at java.base/java.lang.reflect.Method.invoke(Method.java:564)
        at org.gradle.internal.dispatch.ReflectionDispatch.dispatch(ReflectionDispatch.java:36)
        at org.gradle.internal.dispatch.ReflectionDispatch.dispatch(ReflectionDispatch.java:24)
        at org.gradle.internal.remote.internal.hub.MessageHubBackedObjectConnection$DispatchWrapper.dispatch(MessageHubBackedObjectConnection.java:182)
        at org.gradle.internal.remote.internal.hub.MessageHubBackedObjectConnection$DispatchWrapper.dispatch(MessageHubBackedObjectConnection.java:164)
        at org.gradle.internal.remote.internal.hub.MessageHub$Handler.run(MessageHub.java:414)
        at org.gradle.internal.concurrent.ExecutorPolicy$CatchAndRecordFailures.onExecute(ExecutorPolicy.java:64)
        at org.gradle.internal.concurrent.ManagedExecutorImpl$1.run(ManagedExecutorImpl.java:48)
        at java.base/java.util.concurrent.ThreadPoolExecutor.runWorker(ThreadPoolExecutor.java:1130)
        at java.base/java.util.concurrent.ThreadPoolExecutor$Worker.run(ThreadPoolExecutor.java:630)
        at org.gradle.internal.concurrent.ThreadFactoryImpl$ManagedThreadRunnable.run(ThreadFactoryImpl.java:56)
        at java.base/java.lang.Thread.run(Thread.java:832)
        at .==Second==()
        at dungeonmania.controllerTest.Utils.newGame(Utils.java:39)
        at dungeonmania.controllerTest.LogicGatesTest.SwitchDoor(LogicGatesTest.java:184)
FAILURE
DONE
